{
  "stats": {
    "suites": 11,
    "tests": 34,
    "passes": 34,
    "pending": 0,
    "failures": 0,
    "start": "2024-12-12T14:08:07.202Z",
    "end": "2024-12-12T14:08:50.209Z",
    "duration": 43007,
    "testsRegistered": 34,
    "passPercent": 100,
    "pendingPercent": 0,
    "other": 0,
    "hasOther": false,
    "skipped": 0,
    "hasSkipped": false
  },
  "results": [
    {
      "uuid": "ebce93e6-964b-4c76-9bf3-96780fcd31fe",
      "title": "",
      "fullFile": "",
      "file": "",
      "beforeHooks": [],
      "afterHooks": [],
      "tests": [],
      "suites": [
        {
          "uuid": "e00bcbc1-05c4-4dd9-90f8-e6ddaa3738e9",
          "title": "Create new user => Success",
          "fullFile": "/Users/yushijia/Documents/project/AutomationForUnibee/02_API/TestCases/User/01_User.js",
          "file": "/01_User.js",
          "beforeHooks": [
            {
              "title": "\"before each\" hook in \"Create new user => Success\"",
              "fullTitle": "Create new user => Success \"before each\" hook in \"Create new user => Success\"",
              "timedOut": false,
              "duration": 0,
              "state": null,
              "speed": null,
              "pass": false,
              "fail": false,
              "pending": false,
              "context": null,
              "code": "response = null;\naddContext(this, {\n    title: 'StartTime',\n    value: {\n        StartTime: timeStamp = new Date()\n    }\n});",
              "err": {},
              "uuid": "8aa5187c-9bc9-4b6f-ad32-1c89e41ab042",
              "parentUUID": "e00bcbc1-05c4-4dd9-90f8-e6ddaa3738e9",
              "isHook": true,
              "skipped": false
            }
          ],
          "afterHooks": [
            {
              "title": "\"after each\" hook in \"Create new user => Success\"",
              "fullTitle": "Create new user => Success \"after each\" hook in \"Create new user => Success\"",
              "timedOut": false,
              "duration": 0,
              "state": null,
              "speed": null,
              "pass": false,
              "fail": false,
              "pending": false,
              "context": null,
              "code": "if (response) {\n    addContext(this, {\n        title: 'Request',\n        value: {\n            Request: request\n        }\n    });\n    addContext(this, {\n        title: 'Response',\n        value: {\n            Response: response\n        }\n    });\n}\naddContext(this, {\n    title: 'EndTime',\n    value: {\n        EndTime: timeStamp = new Date()\n    }\n});",
              "err": {},
              "uuid": "527bc5a1-abd2-408d-9f2c-30e4328f9349",
              "parentUUID": "e00bcbc1-05c4-4dd9-90f8-e6ddaa3738e9",
              "isHook": true,
              "skipped": false
            }
          ],
          "tests": [
            {
              "title": "Case 01: new user => Success",
              "fullTitle": "Create new user => Success Case 01: new user => Success",
              "timedOut": false,
              "duration": 1410,
              "state": "passed",
              "speed": "slow",
              "pass": true,
              "fail": false,
              "pending": false,
              "context": "[\n  {\n    \"title\": \"StartTime\",\n    \"value\": {\n      \"StartTime\": \"2024-12-12T14:08:07.204Z\"\n    }\n  },\n  {\n    \"title\": \"Request\",\n    \"value\": {\n      \"Request\": {\n        \"URL\": \"https://api.unibee.top/merchant/user/new\",\n        \"Headers\": {\n          \"Authorization\": \"UniBee.Portal.eyJhbGciOiJIUzI1NiIsInR5cCI6IkpXVCJ9.eyJlbWFpbCI6Impvc2h1YS55dSs4QHdvd293LmlvIiwiZXhwIjoxNzM0MDE2MTI2LCJpZCI6NjEsIm1lcmNoYW50SWQiOjE1NjcxLCJwZXJtaXNzaW9uS2V5IjoidHJ1ZV9kNzUxNzEzOTg4OTg3ZTkzMzE5ODAzNjNlMjQxODljZSIsInRva2VuVHlwZSI6Ik1FUkNIQU5UX01FTUJFUiJ9.9iLN9Z-gppriKeBs9IU700Cqc-H290SofnY7yRqO9Ts\",\n          \"Content-Type\": \"application/json\"\n        }\n      }\n    }\n  },\n  {\n    \"title\": \"Response\",\n    \"value\": {\n      \"Response\": {\n        \"code\": 0,\n        \"message\": \"\",\n        \"data\": {\n          \"user\": {\n            \"id\": 2235429372,\n            \"merchantId\": 15671,\n            \"userName\": \"\",\n            \"mobile\": \"\",\n            \"email\": \"API1734012488207@test.com\",\n            \"gender\": \"\",\n            \"avatarUrl\": \"\",\n            \"reMark\": \"\",\n            \"isSpecial\": 0,\n            \"birthday\": \"\",\n            \"profession\": \"\",\n            \"school\": \"\",\n            \"custom\": \"\",\n            \"lastLoginAt\": 0,\n            \"isRisk\": 0,\n            \"gatewayId\": 0,\n            \"version\": 0,\n            \"phone\": \"\",\n            \"address\": \"\",\n            \"firstName\": \"\",\n            \"lastName\": \"\",\n            \"companyName\": \"\",\n            \"vATNumber\": \"\",\n            \"telegram\": \"\",\n            \"whatsAPP\": \"\",\n            \"weChat\": \"\",\n            \"tikTok\": \"\",\n            \"linkedIn\": \"\",\n            \"facebook\": \"\",\n            \"otherSocialInfo\": \"\",\n            \"paymentMethod\": \"\",\n            \"countryCode\": \"\",\n            \"countryName\": \"\",\n            \"subscriptionName\": \"\",\n            \"subscriptionId\": \"\",\n            \"subscriptionStatus\": 0,\n            \"recurringAmount\": 0,\n            \"billingType\": 0,\n            \"timeZone\": \"\",\n            \"createTime\": 1734012488,\n            \"externalUserId\": \"\",\n            \"status\": 0,\n            \"taxPercentage\": 0,\n            \"type\": 0,\n            \"city\": \"\",\n            \"zipCode\": \"\",\n            \"language\": \"\",\n            \"registrationNumber\": \"\",\n            \"metadata\": {}\n          }\n        },\n        \"redirect\": \"\",\n        \"requestId\": \"req20241212VqIee8mMbEHCJSf\"\n      }\n    }\n  },\n  {\n    \"title\": \"EndTime\",\n    \"value\": {\n      \"EndTime\": \"2024-12-12T14:08:08.615Z\"\n    }\n  }\n]",
              "code": "try {\n    setTimeout(() => {//Wait syncTimeAPI*1000 seconds\n        let tmpTime = new Date().getTime();\n        ApiReq.newUser(API_Env.get().headerSet,\n            {\n                \"externalUserId\": \"\",\n                \"email\": \"API\"+ tmpTime + \"@test.com\",\n                \"firstName\": \"\",\n                \"lastName\": \"\",\n                \"password\": \"Aa@666666\",\n                \"phone\": \"\",\n                \"address\": \"\",\n                \"language\": \"\"\n            },(res, url, header) => {\n                request = {\n                    URL: url,\n                    Headers: header,\n                };\n                // response = res.body;\n                // Expect response headers：x-app,Content-Type\n                expect(res.statusCode).to.equal(200);\n                const resBody = JSON.parse(res.body);\n                response = resBody;\n                console.log(resBody)\n                // // token check\n                expect(resBody.code).to.equal(0);\n                expect(resBody.message).to.equal(\"\");\n                testData[\"userId\"] = resBody.data.user.id;\n                testData[\"email\"] = \"API\"+ tmpTime + \"@test.com\";\n                expect(resBody.data.user.merchantId).to.equal(15671);\n                expect(resBody.data.user.email).to.equal(\"API\"+ tmpTime + \"@test.com\");\n                done();\n            });\n    }, 1000);\n} catch (e) {\n    done(e);\n}",
              "err": {},
              "uuid": "ffe2ad0b-7dcf-4fb5-8b31-10252d06ccf8",
              "parentUUID": "e00bcbc1-05c4-4dd9-90f8-e6ddaa3738e9",
              "isHook": false,
              "skipped": false
            }
          ],
          "suites": [],
          "passes": [
            "ffe2ad0b-7dcf-4fb5-8b31-10252d06ccf8"
          ],
          "failures": [],
          "pending": [],
          "skipped": [],
          "duration": 1410,
          "root": false,
          "rootEmpty": false,
          "_timeout": 9000000
        },
        {
          "uuid": "88d6819b-bac2-4f33-993c-0d5869c0908d",
          "title": "NewUser →  Get user profile => Success",
          "fullFile": "/Users/yushijia/Documents/project/AutomationForUnibee/02_API/TestCases/User/01_User.js",
          "file": "/01_User.js",
          "beforeHooks": [
            {
              "title": "\"before each\" hook in \"NewUser →  Get user profile => Success\"",
              "fullTitle": "NewUser →  Get user profile => Success \"before each\" hook in \"NewUser →  Get user profile => Success\"",
              "timedOut": false,
              "duration": 0,
              "state": null,
              "speed": null,
              "pass": false,
              "fail": false,
              "pending": false,
              "context": null,
              "code": "response = null;\naddContext(this, {\n    title: 'StartTime',\n    value: {\n        StartTime: timeStamp = new Date()\n    }\n});",
              "err": {},
              "uuid": "b9d3fc58-4b11-4fd8-89a9-e3786c50f0b2",
              "parentUUID": "88d6819b-bac2-4f33-993c-0d5869c0908d",
              "isHook": true,
              "skipped": false
            }
          ],
          "afterHooks": [
            {
              "title": "\"after each\" hook in \"NewUser →  Get user profile => Success\"",
              "fullTitle": "NewUser →  Get user profile => Success \"after each\" hook in \"NewUser →  Get user profile => Success\"",
              "timedOut": false,
              "duration": 0,
              "state": null,
              "speed": null,
              "pass": false,
              "fail": false,
              "pending": false,
              "context": null,
              "code": "if (response) {\n    addContext(this, {\n        title: 'Request',\n        value: {\n            Request: request\n        }\n    });\n    addContext(this, {\n        title: 'Response',\n        value: {\n            Response: response\n        }\n    });\n}\naddContext(this, {\n    title: 'EndTime',\n    value: {\n        EndTime: timeStamp = new Date()\n    }\n});",
              "err": {},
              "uuid": "de4514fa-8e17-41b7-9de9-516de2b8f4b2",
              "parentUUID": "88d6819b-bac2-4f33-993c-0d5869c0908d",
              "isHook": true,
              "skipped": false
            }
          ],
          "tests": [
            {
              "title": "Case 01: new user => Success",
              "fullTitle": "NewUser →  Get user profile => Success Case 01: new user => Success",
              "timedOut": false,
              "duration": 1157,
              "state": "passed",
              "speed": "slow",
              "pass": true,
              "fail": false,
              "pending": false,
              "context": "[\n  {\n    \"title\": \"StartTime\",\n    \"value\": {\n      \"StartTime\": \"2024-12-12T14:08:08.616Z\"\n    }\n  },\n  {\n    \"title\": \"Request\",\n    \"value\": {\n      \"Request\": {\n        \"URL\": \"https://api.unibee.top/merchant/user/new\",\n        \"Headers\": {\n          \"Authorization\": \"UniBee.Portal.eyJhbGciOiJIUzI1NiIsInR5cCI6IkpXVCJ9.eyJlbWFpbCI6Impvc2h1YS55dSs4QHdvd293LmlvIiwiZXhwIjoxNzM0MDE2MTI2LCJpZCI6NjEsIm1lcmNoYW50SWQiOjE1NjcxLCJwZXJtaXNzaW9uS2V5IjoidHJ1ZV9kNzUxNzEzOTg4OTg3ZTkzMzE5ODAzNjNlMjQxODljZSIsInRva2VuVHlwZSI6Ik1FUkNIQU5UX01FTUJFUiJ9.9iLN9Z-gppriKeBs9IU700Cqc-H290SofnY7yRqO9Ts\",\n          \"Content-Type\": \"application/json\"\n        }\n      }\n    }\n  },\n  {\n    \"title\": \"Response\",\n    \"value\": {\n      \"Response\": {\n        \"code\": 0,\n        \"message\": \"\",\n        \"data\": {\n          \"user\": {\n            \"id\": 2235429373,\n            \"merchantId\": 15671,\n            \"userName\": \"\",\n            \"mobile\": \"\",\n            \"email\": \"API1734012489618@test.com\",\n            \"gender\": \"\",\n            \"avatarUrl\": \"\",\n            \"reMark\": \"\",\n            \"isSpecial\": 0,\n            \"birthday\": \"\",\n            \"profession\": \"\",\n            \"school\": \"\",\n            \"custom\": \"\",\n            \"lastLoginAt\": 0,\n            \"isRisk\": 0,\n            \"gatewayId\": 0,\n            \"version\": 0,\n            \"phone\": \"\",\n            \"address\": \"\",\n            \"firstName\": \"\",\n            \"lastName\": \"\",\n            \"companyName\": \"\",\n            \"vATNumber\": \"\",\n            \"telegram\": \"\",\n            \"whatsAPP\": \"\",\n            \"weChat\": \"\",\n            \"tikTok\": \"\",\n            \"linkedIn\": \"\",\n            \"facebook\": \"\",\n            \"otherSocialInfo\": \"\",\n            \"paymentMethod\": \"\",\n            \"countryCode\": \"\",\n            \"countryName\": \"\",\n            \"subscriptionName\": \"\",\n            \"subscriptionId\": \"\",\n            \"subscriptionStatus\": 0,\n            \"recurringAmount\": 0,\n            \"billingType\": 0,\n            \"timeZone\": \"\",\n            \"createTime\": 1734012489,\n            \"externalUserId\": \"\",\n            \"status\": 0,\n            \"taxPercentage\": 0,\n            \"type\": 0,\n            \"city\": \"\",\n            \"zipCode\": \"\",\n            \"language\": \"\",\n            \"registrationNumber\": \"\",\n            \"metadata\": {}\n          }\n        },\n        \"redirect\": \"\",\n        \"requestId\": \"req20241212ESZ7j23D3IHaZsJ\"\n      }\n    }\n  },\n  {\n    \"title\": \"EndTime\",\n    \"value\": {\n      \"EndTime\": \"2024-12-12T14:08:09.774Z\"\n    }\n  }\n]",
              "code": "try {\n    setTimeout(() => {//Wait syncTimeAPI*1000 seconds\n        let tmpTime = new Date().getTime();\n        ApiReq.newUser(API_Env.get().headerSet,\n            {\n                \"externalUserId\": \"\",\n                \"email\": \"API\"+ tmpTime + \"@test.com\",\n                \"firstName\": \"\",\n                \"lastName\": \"\",\n                \"password\": \"Aa@666666\",\n                \"phone\": \"\",\n                \"address\": \"\",\n                \"language\": \"\"\n            },(res, url, header) => {\n                request = {\n                    URL: url,\n                    Headers: header,\n                };\n                // response = res.body;\n                // Expect response headers：x-app,Content-Type\n                expect(res.statusCode).to.equal(200);\n                const resBody = JSON.parse(res.body);\n                response = resBody;\n                console.log(resBody)\n                // // token check\n                expect(resBody.code).to.equal(0);\n                expect(resBody.message).to.equal(\"\");\n                testData[\"userId\"] = resBody.data.user.id;\n                testData[\"email\"] = \"API\"+ tmpTime + \"@test.com\";\n                expect(resBody.data.user.merchantId).to.equal(15671);\n                expect(resBody.data.user.email).to.equal(\"API\"+ tmpTime + \"@test.com\");\n                done();\n            });\n    }, 1000);\n} catch (e) {\n    done(e);\n}",
              "err": {},
              "uuid": "5582c74d-49dd-462b-89c4-1d1218d445f8",
              "parentUUID": "88d6819b-bac2-4f33-993c-0d5869c0908d",
              "isHook": false,
              "skipped": false
            },
            {
              "title": "Case 02: get user profile => Success",
              "fullTitle": "NewUser →  Get user profile => Success Case 02: get user profile => Success",
              "timedOut": false,
              "duration": 1087,
              "state": "passed",
              "speed": "slow",
              "pass": true,
              "fail": false,
              "pending": false,
              "context": "[\n  {\n    \"title\": \"StartTime\",\n    \"value\": {\n      \"StartTime\": \"2024-12-12T14:08:09.775Z\"\n    }\n  },\n  {\n    \"title\": \"Request\",\n    \"value\": {\n      \"Request\": {\n        \"URL\": \"https://api.unibee.top/merchant/user/get?userId=2235429373\",\n        \"Headers\": {\n          \"Authorization\": \"UniBee.Portal.eyJhbGciOiJIUzI1NiIsInR5cCI6IkpXVCJ9.eyJlbWFpbCI6Impvc2h1YS55dSs4QHdvd293LmlvIiwiZXhwIjoxNzM0MDE2MTI2LCJpZCI6NjEsIm1lcmNoYW50SWQiOjE1NjcxLCJwZXJtaXNzaW9uS2V5IjoidHJ1ZV9kNzUxNzEzOTg4OTg3ZTkzMzE5ODAzNjNlMjQxODljZSIsInRva2VuVHlwZSI6Ik1FUkNIQU5UX01FTUJFUiJ9.9iLN9Z-gppriKeBs9IU700Cqc-H290SofnY7yRqO9Ts\",\n          \"Content-Type\": \"application/json\"\n        }\n      }\n    }\n  },\n  {\n    \"title\": \"Response\",\n    \"value\": {\n      \"Response\": {\n        \"code\": 0,\n        \"message\": \"\",\n        \"data\": {\n          \"user\": {\n            \"id\": 2235429373,\n            \"merchantId\": 15671,\n            \"userName\": \"\",\n            \"mobile\": \"\",\n            \"email\": \"API1734012489618@test.com\",\n            \"gender\": \"\",\n            \"avatarUrl\": \"\",\n            \"reMark\": \"\",\n            \"isSpecial\": 0,\n            \"birthday\": \"\",\n            \"profession\": \"\",\n            \"school\": \"\",\n            \"custom\": \"\",\n            \"lastLoginAt\": 0,\n            \"isRisk\": 0,\n            \"gatewayId\": 0,\n            \"version\": 0,\n            \"phone\": \"\",\n            \"address\": \"\",\n            \"firstName\": \"\",\n            \"lastName\": \"\",\n            \"companyName\": \"\",\n            \"vATNumber\": \"\",\n            \"telegram\": \"\",\n            \"whatsAPP\": \"\",\n            \"weChat\": \"\",\n            \"tikTok\": \"\",\n            \"linkedIn\": \"\",\n            \"facebook\": \"\",\n            \"otherSocialInfo\": \"\",\n            \"paymentMethod\": \"\",\n            \"countryCode\": \"\",\n            \"countryName\": \"\",\n            \"subscriptionName\": \"\",\n            \"subscriptionId\": \"\",\n            \"subscriptionStatus\": 0,\n            \"recurringAmount\": 0,\n            \"billingType\": 0,\n            \"timeZone\": \"\",\n            \"createTime\": 1734012489,\n            \"externalUserId\": \"\",\n            \"status\": 0,\n            \"taxPercentage\": 0,\n            \"type\": 0,\n            \"gateway\": null,\n            \"city\": \"\",\n            \"zipCode\": \"\",\n            \"planId\": 0,\n            \"language\": \"\",\n            \"registrationNumber\": \"\",\n            \"promoCreditAccounts\": [],\n            \"creditAccounts\": [],\n            \"metadata\": {}\n          }\n        },\n        \"redirect\": \"\",\n        \"requestId\": \"req2024121257ShCdwZ5ArC4b7\"\n      }\n    }\n  },\n  {\n    \"title\": \"EndTime\",\n    \"value\": {\n      \"EndTime\": \"2024-12-12T14:08:10.862Z\"\n    }\n  }\n]",
              "code": "try {\n    setTimeout(() => {//Wait syncTimeAPI*1000 seconds\n        ApiReq.getUserProfile(API_Env.get().headerSet,\n            testData[\"userId\"] ,(res, url, header) => {\n                request = {\n                    URL: url,\n                    Headers: header,\n                };\n                // response = res.body;\n                // Expect response headers：x-app,Content-Type\n                expect(res.statusCode).to.equal(200);\n                const resBody = JSON.parse(res.body);\n                response = resBody;\n                console.log(resBody)\n                // // token check\n                expect(resBody.code).to.equal(0);\n                expect(resBody.message).to.equal(\"\");\n                expect(resBody.data.user.id).to.equal(testData[\"userId\"]);\n                expect(resBody.data.user.email).to.equal(testData[\"email\"]);\n                expect(resBody.data.user.merchantId).to.equal(15671);\n                done();\n            });\n    }, 1000);\n} catch (e) {\n    done(e);\n}",
              "err": {},
              "uuid": "fb2d13ad-d012-4bd9-a68d-0babfe6b50d6",
              "parentUUID": "88d6819b-bac2-4f33-993c-0d5869c0908d",
              "isHook": false,
              "skipped": false
            }
          ],
          "suites": [],
          "passes": [
            "5582c74d-49dd-462b-89c4-1d1218d445f8",
            "fb2d13ad-d012-4bd9-a68d-0babfe6b50d6"
          ],
          "failures": [],
          "pending": [],
          "skipped": [],
          "duration": 2244,
          "root": false,
          "rootEmpty": false,
          "_timeout": 9000000
        },
        {
          "uuid": "754bf740-15eb-4373-9c24-18f2331e5f08",
          "title": "NewUser → UpdateUserProfile → GetUserProfile => Success",
          "fullFile": "/Users/yushijia/Documents/project/AutomationForUnibee/02_API/TestCases/User/01_User.js",
          "file": "/01_User.js",
          "beforeHooks": [
            {
              "title": "\"before each\" hook in \"NewUser → UpdateUserProfile → GetUserProfile => Success\"",
              "fullTitle": "NewUser → UpdateUserProfile → GetUserProfile => Success \"before each\" hook in \"NewUser → UpdateUserProfile → GetUserProfile => Success\"",
              "timedOut": false,
              "duration": 0,
              "state": null,
              "speed": null,
              "pass": false,
              "fail": false,
              "pending": false,
              "context": null,
              "code": "response = null;\naddContext(this, {\n    title: 'StartTime',\n    value: {\n        StartTime: timeStamp = new Date()\n    }\n});",
              "err": {},
              "uuid": "f3d3e5b2-87e0-4165-9c19-0d0bd0372f1b",
              "parentUUID": "754bf740-15eb-4373-9c24-18f2331e5f08",
              "isHook": true,
              "skipped": false
            }
          ],
          "afterHooks": [
            {
              "title": "\"after each\" hook in \"NewUser → UpdateUserProfile → GetUserProfile => Success\"",
              "fullTitle": "NewUser → UpdateUserProfile → GetUserProfile => Success \"after each\" hook in \"NewUser → UpdateUserProfile → GetUserProfile => Success\"",
              "timedOut": false,
              "duration": 0,
              "state": null,
              "speed": null,
              "pass": false,
              "fail": false,
              "pending": false,
              "context": null,
              "code": "if (response) {\n    addContext(this, {\n        title: 'Request',\n        value: {\n            Request: request\n        }\n    });\n    addContext(this, {\n        title: 'Response',\n        value: {\n            Response: response\n        }\n    });\n}\naddContext(this, {\n    title: 'EndTime',\n    value: {\n        EndTime: timeStamp = new Date()\n    }\n});",
              "err": {},
              "uuid": "2b48d312-7935-4668-8719-ac1ebc800b06",
              "parentUUID": "754bf740-15eb-4373-9c24-18f2331e5f08",
              "isHook": true,
              "skipped": false
            }
          ],
          "tests": [
            {
              "title": "Case 01: new user => Success",
              "fullTitle": "NewUser → UpdateUserProfile → GetUserProfile => Success Case 01: new user => Success",
              "timedOut": false,
              "duration": 1278,
              "state": "passed",
              "speed": "slow",
              "pass": true,
              "fail": false,
              "pending": false,
              "context": "[\n  {\n    \"title\": \"StartTime\",\n    \"value\": {\n      \"StartTime\": \"2024-12-12T14:08:10.863Z\"\n    }\n  },\n  {\n    \"title\": \"Request\",\n    \"value\": {\n      \"Request\": {\n        \"URL\": \"https://api.unibee.top/merchant/user/new\",\n        \"Headers\": {\n          \"Authorization\": \"UniBee.Portal.eyJhbGciOiJIUzI1NiIsInR5cCI6IkpXVCJ9.eyJlbWFpbCI6Impvc2h1YS55dSs4QHdvd293LmlvIiwiZXhwIjoxNzM0MDE2MTI2LCJpZCI6NjEsIm1lcmNoYW50SWQiOjE1NjcxLCJwZXJtaXNzaW9uS2V5IjoidHJ1ZV9kNzUxNzEzOTg4OTg3ZTkzMzE5ODAzNjNlMjQxODljZSIsInRva2VuVHlwZSI6Ik1FUkNIQU5UX01FTUJFUiJ9.9iLN9Z-gppriKeBs9IU700Cqc-H290SofnY7yRqO9Ts\",\n          \"Content-Type\": \"application/json\"\n        }\n      }\n    }\n  },\n  {\n    \"title\": \"Response\",\n    \"value\": {\n      \"Response\": {\n        \"code\": 0,\n        \"message\": \"\",\n        \"data\": {\n          \"user\": {\n            \"id\": 2235429374,\n            \"merchantId\": 15671,\n            \"userName\": \"\",\n            \"mobile\": \"\",\n            \"email\": \"API1734012491865@test.com\",\n            \"gender\": \"\",\n            \"avatarUrl\": \"\",\n            \"reMark\": \"\",\n            \"isSpecial\": 0,\n            \"birthday\": \"\",\n            \"profession\": \"\",\n            \"school\": \"\",\n            \"custom\": \"\",\n            \"lastLoginAt\": 0,\n            \"isRisk\": 0,\n            \"gatewayId\": 0,\n            \"version\": 0,\n            \"phone\": \"\",\n            \"address\": \"\",\n            \"firstName\": \"\",\n            \"lastName\": \"\",\n            \"companyName\": \"\",\n            \"vATNumber\": \"\",\n            \"telegram\": \"\",\n            \"whatsAPP\": \"\",\n            \"weChat\": \"\",\n            \"tikTok\": \"\",\n            \"linkedIn\": \"\",\n            \"facebook\": \"\",\n            \"otherSocialInfo\": \"\",\n            \"paymentMethod\": \"\",\n            \"countryCode\": \"\",\n            \"countryName\": \"\",\n            \"subscriptionName\": \"\",\n            \"subscriptionId\": \"\",\n            \"subscriptionStatus\": 0,\n            \"recurringAmount\": 0,\n            \"billingType\": 0,\n            \"timeZone\": \"\",\n            \"createTime\": 1734012492,\n            \"externalUserId\": \"\",\n            \"status\": 0,\n            \"taxPercentage\": 0,\n            \"type\": 0,\n            \"city\": \"\",\n            \"zipCode\": \"\",\n            \"language\": \"\",\n            \"registrationNumber\": \"\",\n            \"metadata\": {}\n          }\n        },\n        \"redirect\": \"\",\n        \"requestId\": \"req20241212z6at0ULcldWVIuG\"\n      }\n    }\n  },\n  {\n    \"title\": \"EndTime\",\n    \"value\": {\n      \"EndTime\": \"2024-12-12T14:08:12.142Z\"\n    }\n  }\n]",
              "code": "try {\n    setTimeout(() => {//Wait syncTimeAPI*1000 seconds\n        let tmpTime = new Date().getTime();\n        ApiReq.newUser(API_Env.get().headerSet,\n            {\n                \"externalUserId\": \"\",\n                \"email\": \"API\"+ tmpTime + \"@test.com\",\n                \"firstName\": \"\",\n                \"lastName\": \"\",\n                \"password\": \"Aa@666666\",\n                \"phone\": \"\",\n                \"address\": \"\",\n                \"language\": \"\"\n            },(res, url, header) => {\n                request = {\n                    URL: url,\n                    Headers: header,\n                };\n                // response = res.body;\n                // Expect response headers：x-app,Content-Type\n                expect(res.statusCode).to.equal(200);\n                const resBody = JSON.parse(res.body);\n                response = resBody;\n                console.log(resBody)\n                // // token check\n                expect(resBody.code).to.equal(0);\n                expect(resBody.message).to.equal(\"\");\n                testData[\"userId\"] = resBody.data.user.id;\n                testData[\"email\"] = \"API\"+ tmpTime + \"@test.com\";\n                expect(resBody.data.user.merchantId).to.equal(15671);\n                expect(resBody.data.user.email).to.equal(\"API\"+ tmpTime + \"@test.com\");\n                done();\n            });\n    }, 1000);\n} catch (e) {\n    done(e);\n}",
              "err": {},
              "uuid": "7f14f17b-858e-4868-8cc5-0c9bc3e66c6a",
              "parentUUID": "754bf740-15eb-4373-9c24-18f2331e5f08",
              "isHook": false,
              "skipped": false
            },
            {
              "title": "Case 02: get user profile => Success",
              "fullTitle": "NewUser → UpdateUserProfile → GetUserProfile => Success Case 02: get user profile => Success",
              "timedOut": false,
              "duration": 1122,
              "state": "passed",
              "speed": "slow",
              "pass": true,
              "fail": false,
              "pending": false,
              "context": "[\n  {\n    \"title\": \"StartTime\",\n    \"value\": {\n      \"StartTime\": \"2024-12-12T14:08:12.143Z\"\n    }\n  },\n  {\n    \"title\": \"Request\",\n    \"value\": {\n      \"Request\": {\n        \"URL\": \"https://api.unibee.top/merchant/user/get?userId=2235429374\",\n        \"Headers\": {\n          \"Authorization\": \"UniBee.Portal.eyJhbGciOiJIUzI1NiIsInR5cCI6IkpXVCJ9.eyJlbWFpbCI6Impvc2h1YS55dSs4QHdvd293LmlvIiwiZXhwIjoxNzM0MDE2MTI2LCJpZCI6NjEsIm1lcmNoYW50SWQiOjE1NjcxLCJwZXJtaXNzaW9uS2V5IjoidHJ1ZV9kNzUxNzEzOTg4OTg3ZTkzMzE5ODAzNjNlMjQxODljZSIsInRva2VuVHlwZSI6Ik1FUkNIQU5UX01FTUJFUiJ9.9iLN9Z-gppriKeBs9IU700Cqc-H290SofnY7yRqO9Ts\",\n          \"Content-Type\": \"application/json\"\n        }\n      }\n    }\n  },\n  {\n    \"title\": \"Response\",\n    \"value\": {\n      \"Response\": {\n        \"code\": 0,\n        \"message\": \"\",\n        \"data\": {\n          \"user\": {\n            \"id\": 2235429374,\n            \"merchantId\": 15671,\n            \"userName\": \"\",\n            \"mobile\": \"\",\n            \"email\": \"API1734012491865@test.com\",\n            \"gender\": \"\",\n            \"avatarUrl\": \"\",\n            \"reMark\": \"\",\n            \"isSpecial\": 0,\n            \"birthday\": \"\",\n            \"profession\": \"\",\n            \"school\": \"\",\n            \"custom\": \"\",\n            \"lastLoginAt\": 0,\n            \"isRisk\": 0,\n            \"gatewayId\": 0,\n            \"version\": 0,\n            \"phone\": \"\",\n            \"address\": \"test Address\",\n            \"firstName\": \"test\",\n            \"lastName\": \"QA\",\n            \"companyName\": \"\",\n            \"vATNumber\": \"\",\n            \"telegram\": \"\",\n            \"whatsAPP\": \"\",\n            \"weChat\": \"\",\n            \"tikTok\": \"\",\n            \"linkedIn\": \"\",\n            \"facebook\": \"\",\n            \"otherSocialInfo\": \"\",\n            \"paymentMethod\": \"\",\n            \"countryCode\": \"\",\n            \"countryName\": \"\",\n            \"subscriptionName\": \"\",\n            \"subscriptionId\": \"\",\n            \"subscriptionStatus\": 0,\n            \"recurringAmount\": 0,\n            \"billingType\": 0,\n            \"timeZone\": \"\",\n            \"createTime\": 1734012492,\n            \"externalUserId\": \"\",\n            \"status\": 0,\n            \"taxPercentage\": 0,\n            \"type\": 1,\n            \"gateway\": null,\n            \"city\": \"\",\n            \"zipCode\": \"\",\n            \"planId\": 0,\n            \"language\": \"\",\n            \"registrationNumber\": \"\",\n            \"promoCreditAccounts\": [],\n            \"creditAccounts\": [],\n            \"metadata\": {},\n            \"userId\": 2235429374\n          }\n        },\n        \"redirect\": \"\",\n        \"requestId\": \"req20241212ovSA3DzI5lngVxv\"\n      }\n    }\n  },\n  {\n    \"title\": \"EndTime\",\n    \"value\": {\n      \"EndTime\": \"2024-12-12T14:08:13.273Z\"\n    }\n  }\n]",
              "code": "try {\n    setTimeout(() => {//Wait syncTimeAPI*1000 seconds\n        ApiReq.getUserProfile(API_Env.get().headerSet,\n            testData[\"userId\"] ,(res, url, header) => {\n                request = {\n                    URL: url,\n                    Headers: header,\n                };\n                // response = res.body;\n                // Expect response headers：x-app,Content-Type\n                expect(res.statusCode).to.equal(200);\n                const resBody = JSON.parse(res.body);\n                response = resBody;\n                console.log(resBody)\n                // // token check\n                testData[\"updateBody\"] = resBody.data.user;\n                expect(resBody.code).to.equal(0);\n                expect(resBody.message).to.equal(\"\");\n                expect(resBody.data.user.id).to.equal(testData[\"userId\"]);\n                expect(resBody.data.user.email).to.equal(testData[\"email\"]);\n                expect(resBody.data.user.merchantId).to.equal(15671);\n                expect(resBody.data.user.userName).to.equal(\"\");\n                expect(resBody.data.user.address).to.equal(\"\");\n                expect(resBody.data.user.firstName).to.equal(\"\");\n                expect(resBody.data.user.lastName).to.equal(\"\");\n                done();\n            });\n    }, 1000);\n} catch (e) {\n    done(e);\n}",
              "err": {},
              "uuid": "bcfe76e1-c2aa-4a10-aa8c-d619fb7b36c7",
              "parentUUID": "754bf740-15eb-4373-9c24-18f2331e5f08",
              "isHook": false,
              "skipped": false
            },
            {
              "title": "Case 03: update user profile => Success",
              "fullTitle": "NewUser → UpdateUserProfile → GetUserProfile => Success Case 03: update user profile => Success",
              "timedOut": false,
              "duration": 1550,
              "state": "passed",
              "speed": "slow",
              "pass": true,
              "fail": false,
              "pending": false,
              "context": "[\n  {\n    \"title\": \"StartTime\",\n    \"value\": {\n      \"StartTime\": \"2024-12-12T14:08:13.275Z\"\n    }\n  },\n  {\n    \"title\": \"Request\",\n    \"value\": {\n      \"Request\": {\n        \"URL\": \"https://api.unibee.top/merchant/user/update\",\n        \"Headers\": {\n          \"Authorization\": \"UniBee.Portal.eyJhbGciOiJIUzI1NiIsInR5cCI6IkpXVCJ9.eyJlbWFpbCI6Impvc2h1YS55dSs4QHdvd293LmlvIiwiZXhwIjoxNzM0MDE2MTI2LCJpZCI6NjEsIm1lcmNoYW50SWQiOjE1NjcxLCJwZXJtaXNzaW9uS2V5IjoidHJ1ZV9kNzUxNzEzOTg4OTg3ZTkzMzE5ODAzNjNlMjQxODljZSIsInRva2VuVHlwZSI6Ik1FUkNIQU5UX01FTUJFUiJ9.9iLN9Z-gppriKeBs9IU700Cqc-H290SofnY7yRqO9Ts\",\n          \"Content-Type\": \"application/json\"\n        }\n      }\n    }\n  },\n  {\n    \"title\": \"Response\",\n    \"value\": {\n      \"Response\": {\n        \"code\": 0,\n        \"message\": \"\",\n        \"data\": {\n          \"user\": {\n            \"id\": 2235429374,\n            \"merchantId\": 15671,\n            \"userName\": \"\",\n            \"mobile\": \"\",\n            \"email\": \"API1734012491865@test.com\",\n            \"gender\": \"\",\n            \"avatarUrl\": \"\",\n            \"reMark\": \"\",\n            \"isSpecial\": 0,\n            \"birthday\": \"\",\n            \"profession\": \"\",\n            \"school\": \"\",\n            \"custom\": \"\",\n            \"lastLoginAt\": 0,\n            \"isRisk\": 0,\n            \"gatewayId\": 0,\n            \"version\": 0,\n            \"phone\": \"\",\n            \"address\": \"test Address\",\n            \"firstName\": \"test\",\n            \"lastName\": \"QA\",\n            \"companyName\": \"\",\n            \"vATNumber\": \"\",\n            \"telegram\": \"\",\n            \"whatsAPP\": \"string\",\n            \"weChat\": \"\",\n            \"tikTok\": \"string\",\n            \"linkedIn\": \"string\",\n            \"facebook\": \"\",\n            \"otherSocialInfo\": \"\",\n            \"paymentMethod\": \"\",\n            \"countryCode\": \"\",\n            \"countryName\": \"\",\n            \"subscriptionName\": \"\",\n            \"subscriptionId\": \"\",\n            \"subscriptionStatus\": 0,\n            \"recurringAmount\": 0,\n            \"billingType\": 0,\n            \"timeZone\": \"\",\n            \"createTime\": 1734012492,\n            \"externalUserId\": \"\",\n            \"status\": 0,\n            \"taxPercentage\": 0,\n            \"type\": 1,\n            \"gateway\": null,\n            \"city\": \"\",\n            \"zipCode\": \"\",\n            \"planId\": 0,\n            \"language\": \"\",\n            \"registrationNumber\": \"\",\n            \"promoCreditAccounts\": [],\n            \"creditAccounts\": [],\n            \"metadata\": {}\n          }\n        },\n        \"redirect\": \"\",\n        \"requestId\": \"req20241212Gw5pHu0Dnhvd57Y\"\n      }\n    }\n  },\n  {\n    \"title\": \"EndTime\",\n    \"value\": {\n      \"EndTime\": \"2024-12-12T14:08:14.828Z\"\n    }\n  }\n]",
              "code": "try {\n    setTimeout(() => {//Wait syncTimeAPI*1000 seconds\n        testData[\"updateBody\"][\"userId\"] = testData[\"userId\"];\n        testData[\"updateBody\"][\"firstName\"] = \"test\";\n        testData[\"updateBody\"][\"lastName\"] = \"QA\";\n        testData[\"updateBody\"][\"address\"] = \"test Address\";\n        testData[\"updateBody\"][\"type\"] = 1;\n        ApiReq.updateUserProfile(API_Env.get().headerSet,\n            testData[\"updateBody\"] ,(res, url, header) => {\n                request = {\n                    URL: url,\n                    Headers: header,\n                };\n                // response = res.body;\n                // Expect response headers：x-app,Content-Type\n                expect(res.statusCode).to.equal(200);\n                const resBody = JSON.parse(res.body);\n                response = resBody;\n                console.log(resBody)\n                // // token check\n                testData[\"updateBody\"] = resBody.data.user;\n                expect(resBody.code).to.equal(0);\n                expect(resBody.message).to.equal(\"\");\n                expect(resBody.data.user.id).to.equal(testData[\"userId\"]);\n                expect(resBody.data.user.email).to.equal(testData[\"email\"]);\n                expect(resBody.data.user.merchantId).to.equal(15671);\n                expect(resBody.data.user.address).to.equal(\"test Address\");\n                expect(resBody.data.user.firstName).to.equal(\"test\");\n                expect(resBody.data.user.lastName).to.equal(\"QA\");\n                done();\n            });\n    }, 1000);\n} catch (e) {\n    done(e);\n}",
              "err": {},
              "uuid": "ef2e8789-3a76-4e1a-ac6b-0ca4d7f61918",
              "parentUUID": "754bf740-15eb-4373-9c24-18f2331e5f08",
              "isHook": false,
              "skipped": false
            },
            {
              "title": "Case 04: get user profile => Success",
              "fullTitle": "NewUser → UpdateUserProfile → GetUserProfile => Success Case 04: get user profile => Success",
              "timedOut": false,
              "duration": 1090,
              "state": "passed",
              "speed": "slow",
              "pass": true,
              "fail": false,
              "pending": false,
              "context": "[\n  {\n    \"title\": \"StartTime\",\n    \"value\": {\n      \"StartTime\": \"2024-12-12T14:08:14.828Z\"\n    }\n  },\n  {\n    \"title\": \"Request\",\n    \"value\": {\n      \"Request\": {\n        \"URL\": \"https://api.unibee.top/merchant/user/get?userId=2235429374\",\n        \"Headers\": {\n          \"Authorization\": \"UniBee.Portal.eyJhbGciOiJIUzI1NiIsInR5cCI6IkpXVCJ9.eyJlbWFpbCI6Impvc2h1YS55dSs4QHdvd293LmlvIiwiZXhwIjoxNzM0MDE2MTI2LCJpZCI6NjEsIm1lcmNoYW50SWQiOjE1NjcxLCJwZXJtaXNzaW9uS2V5IjoidHJ1ZV9kNzUxNzEzOTg4OTg3ZTkzMzE5ODAzNjNlMjQxODljZSIsInRva2VuVHlwZSI6Ik1FUkNIQU5UX01FTUJFUiJ9.9iLN9Z-gppriKeBs9IU700Cqc-H290SofnY7yRqO9Ts\",\n          \"Content-Type\": \"application/json\"\n        }\n      }\n    }\n  },\n  {\n    \"title\": \"Response\",\n    \"value\": {\n      \"Response\": {\n        \"code\": 0,\n        \"message\": \"\",\n        \"data\": {\n          \"user\": {\n            \"id\": 2235429374,\n            \"merchantId\": 15671,\n            \"userName\": \"\",\n            \"mobile\": \"\",\n            \"email\": \"API1734012491865@test.com\",\n            \"gender\": \"\",\n            \"avatarUrl\": \"\",\n            \"reMark\": \"\",\n            \"isSpecial\": 0,\n            \"birthday\": \"\",\n            \"profession\": \"\",\n            \"school\": \"\",\n            \"custom\": \"\",\n            \"lastLoginAt\": 0,\n            \"isRisk\": 0,\n            \"gatewayId\": 0,\n            \"version\": 0,\n            \"phone\": \"\",\n            \"address\": \"test Address\",\n            \"firstName\": \"test\",\n            \"lastName\": \"QA\",\n            \"companyName\": \"\",\n            \"vATNumber\": \"\",\n            \"telegram\": \"\",\n            \"whatsAPP\": \"string\",\n            \"weChat\": \"\",\n            \"tikTok\": \"string\",\n            \"linkedIn\": \"string\",\n            \"facebook\": \"\",\n            \"otherSocialInfo\": \"\",\n            \"paymentMethod\": \"\",\n            \"countryCode\": \"\",\n            \"countryName\": \"\",\n            \"subscriptionName\": \"\",\n            \"subscriptionId\": \"\",\n            \"subscriptionStatus\": 0,\n            \"recurringAmount\": 0,\n            \"billingType\": 0,\n            \"timeZone\": \"\",\n            \"createTime\": 1734012492,\n            \"externalUserId\": \"\",\n            \"status\": 0,\n            \"taxPercentage\": 0,\n            \"type\": 1,\n            \"gateway\": null,\n            \"city\": \"\",\n            \"zipCode\": \"\",\n            \"planId\": 0,\n            \"language\": \"\",\n            \"registrationNumber\": \"\",\n            \"promoCreditAccounts\": [],\n            \"creditAccounts\": [],\n            \"metadata\": {}\n          }\n        },\n        \"redirect\": \"\",\n        \"requestId\": \"req20241212kDNmswCOH2gImRF\"\n      }\n    }\n  },\n  {\n    \"title\": \"EndTime\",\n    \"value\": {\n      \"EndTime\": \"2024-12-12T14:08:15.918Z\"\n    }\n  }\n]",
              "code": "try {\n    setTimeout(() => {//Wait syncTimeAPI*1000 seconds\n        ApiReq.getUserProfile(API_Env.get().headerSet,\n            testData[\"userId\"] ,(res, url, header) => {\n                request = {\n                    URL: url,\n                    Headers: header,\n                };\n                // response = res.body;\n                // Expect response headers：x-app,Content-Type\n                expect(res.statusCode).to.equal(200);\n                const resBody = JSON.parse(res.body);\n                response = resBody;\n                console.log(resBody)\n                // // token check\n                testData[\"updateBody\"] = resBody.data.user;\n                expect(resBody.code).to.equal(0);\n                expect(resBody.message).to.equal(\"\");\n                expect(resBody.data.user.id).to.equal(testData[\"userId\"]);\n                expect(resBody.data.user.email).to.equal(testData[\"email\"]);\n                expect(resBody.data.user.merchantId).to.equal(15671);\n                expect(resBody.data.user.address).to.equal(\"test Address\");\n                expect(resBody.data.user.firstName).to.equal(\"test\");\n                expect(resBody.data.user.lastName).to.equal(\"QA\");\n                done();\n            });\n    }, 1000);\n} catch (e) {\n    done(e);\n}",
              "err": {},
              "uuid": "516683c2-dcb0-4863-a7d9-f0734e0a2d25",
              "parentUUID": "754bf740-15eb-4373-9c24-18f2331e5f08",
              "isHook": false,
              "skipped": false
            }
          ],
          "suites": [],
          "passes": [
            "7f14f17b-858e-4868-8cc5-0c9bc3e66c6a",
            "bcfe76e1-c2aa-4a10-aa8c-d619fb7b36c7",
            "ef2e8789-3a76-4e1a-ac6b-0ca4d7f61918",
            "516683c2-dcb0-4863-a7d9-f0734e0a2d25"
          ],
          "failures": [],
          "pending": [],
          "skipped": [],
          "duration": 5040,
          "root": false,
          "rootEmpty": false,
          "_timeout": 9000000
        },
        {
          "uuid": "eb00d2e6-29f6-461a-9d75-819a52b6d7dc",
          "title": "NewUser → ChangeUserEmail → GetUserProfile => Success",
          "fullFile": "/Users/yushijia/Documents/project/AutomationForUnibee/02_API/TestCases/User/01_User.js",
          "file": "/01_User.js",
          "beforeHooks": [
            {
              "title": "\"before each\" hook in \"NewUser → ChangeUserEmail → GetUserProfile => Success\"",
              "fullTitle": "NewUser → ChangeUserEmail → GetUserProfile => Success \"before each\" hook in \"NewUser → ChangeUserEmail → GetUserProfile => Success\"",
              "timedOut": false,
              "duration": 0,
              "state": null,
              "speed": null,
              "pass": false,
              "fail": false,
              "pending": false,
              "context": null,
              "code": "response = null;\naddContext(this, {\n    title: 'StartTime',\n    value: {\n        StartTime: timeStamp = new Date()\n    }\n});",
              "err": {},
              "uuid": "18538b5c-6d85-4ece-880d-d9f8fc28ba6b",
              "parentUUID": "eb00d2e6-29f6-461a-9d75-819a52b6d7dc",
              "isHook": true,
              "skipped": false
            }
          ],
          "afterHooks": [
            {
              "title": "\"after each\" hook in \"NewUser → ChangeUserEmail → GetUserProfile => Success\"",
              "fullTitle": "NewUser → ChangeUserEmail → GetUserProfile => Success \"after each\" hook in \"NewUser → ChangeUserEmail → GetUserProfile => Success\"",
              "timedOut": false,
              "duration": 0,
              "state": null,
              "speed": null,
              "pass": false,
              "fail": false,
              "pending": false,
              "context": null,
              "code": "if (response) {\n    addContext(this, {\n        title: 'Request',\n        value: {\n            Request: request\n        }\n    });\n    addContext(this, {\n        title: 'Response',\n        value: {\n            Response: response\n        }\n    });\n}\naddContext(this, {\n    title: 'EndTime',\n    value: {\n        EndTime: timeStamp = new Date()\n    }\n});",
              "err": {},
              "uuid": "e49e132c-d22b-4111-8025-e1c8533f21fd",
              "parentUUID": "eb00d2e6-29f6-461a-9d75-819a52b6d7dc",
              "isHook": true,
              "skipped": false
            }
          ],
          "tests": [
            {
              "title": "Case 01: new user => Success",
              "fullTitle": "NewUser → ChangeUserEmail → GetUserProfile => Success Case 01: new user => Success",
              "timedOut": false,
              "duration": 1646,
              "state": "passed",
              "speed": "slow",
              "pass": true,
              "fail": false,
              "pending": false,
              "context": "[\n  {\n    \"title\": \"StartTime\",\n    \"value\": {\n      \"StartTime\": \"2024-12-12T14:08:15.920Z\"\n    }\n  },\n  {\n    \"title\": \"Request\",\n    \"value\": {\n      \"Request\": {\n        \"URL\": \"https://api.unibee.top/merchant/user/new\",\n        \"Headers\": {\n          \"Authorization\": \"UniBee.Portal.eyJhbGciOiJIUzI1NiIsInR5cCI6IkpXVCJ9.eyJlbWFpbCI6Impvc2h1YS55dSs4QHdvd293LmlvIiwiZXhwIjoxNzM0MDE2MTI2LCJpZCI6NjEsIm1lcmNoYW50SWQiOjE1NjcxLCJwZXJtaXNzaW9uS2V5IjoidHJ1ZV9kNzUxNzEzOTg4OTg3ZTkzMzE5ODAzNjNlMjQxODljZSIsInRva2VuVHlwZSI6Ik1FUkNIQU5UX01FTUJFUiJ9.9iLN9Z-gppriKeBs9IU700Cqc-H290SofnY7yRqO9Ts\",\n          \"Content-Type\": \"application/json\"\n        }\n      }\n    }\n  },\n  {\n    \"title\": \"Response\",\n    \"value\": {\n      \"Response\": {\n        \"code\": 0,\n        \"message\": \"\",\n        \"data\": {\n          \"user\": {\n            \"id\": 2235429375,\n            \"merchantId\": 15671,\n            \"userName\": \"\",\n            \"mobile\": \"\",\n            \"email\": \"API1734012496922@test.com\",\n            \"gender\": \"\",\n            \"avatarUrl\": \"\",\n            \"reMark\": \"\",\n            \"isSpecial\": 0,\n            \"birthday\": \"\",\n            \"profession\": \"\",\n            \"school\": \"\",\n            \"custom\": \"\",\n            \"lastLoginAt\": 0,\n            \"isRisk\": 0,\n            \"gatewayId\": 0,\n            \"version\": 0,\n            \"phone\": \"\",\n            \"address\": \"\",\n            \"firstName\": \"\",\n            \"lastName\": \"\",\n            \"companyName\": \"\",\n            \"vATNumber\": \"\",\n            \"telegram\": \"\",\n            \"whatsAPP\": \"\",\n            \"weChat\": \"\",\n            \"tikTok\": \"\",\n            \"linkedIn\": \"\",\n            \"facebook\": \"\",\n            \"otherSocialInfo\": \"\",\n            \"paymentMethod\": \"\",\n            \"countryCode\": \"\",\n            \"countryName\": \"\",\n            \"subscriptionName\": \"\",\n            \"subscriptionId\": \"\",\n            \"subscriptionStatus\": 0,\n            \"recurringAmount\": 0,\n            \"billingType\": 0,\n            \"timeZone\": \"\",\n            \"createTime\": 1734012497,\n            \"externalUserId\": \"\",\n            \"status\": 0,\n            \"taxPercentage\": 0,\n            \"type\": 0,\n            \"city\": \"\",\n            \"zipCode\": \"\",\n            \"language\": \"\",\n            \"registrationNumber\": \"\",\n            \"metadata\": {}\n          }\n        },\n        \"redirect\": \"\",\n        \"requestId\": \"req20241212M8jbsGimpWDPWY5\"\n      }\n    }\n  },\n  {\n    \"title\": \"EndTime\",\n    \"value\": {\n      \"EndTime\": \"2024-12-12T14:08:17.567Z\"\n    }\n  }\n]",
              "code": "try {\n    setTimeout(() => {//Wait syncTimeAPI*1000 seconds\n        let tmpTime = new Date().getTime();\n        ApiReq.newUser(API_Env.get().headerSet,\n            {\n                \"externalUserId\": \"\",\n                \"email\": \"API\"+ tmpTime + \"@test.com\",\n                \"firstName\": \"\",\n                \"lastName\": \"\",\n                \"password\": \"Aa@666666\",\n                \"phone\": \"\",\n                \"address\": \"\",\n                \"language\": \"\"\n            },(res, url, header) => {\n                request = {\n                    URL: url,\n                    Headers: header,\n                };\n                // response = res.body;\n                // Expect response headers：x-app,Content-Type\n                expect(res.statusCode).to.equal(200);\n                const resBody = JSON.parse(res.body);\n                response = resBody;\n                console.log(resBody)\n                // // token check\n                expect(resBody.code).to.equal(0);\n                expect(resBody.message).to.equal(\"\");\n                testData[\"userId\"] = resBody.data.user.id;\n                testData[\"email\"] = \"API\"+ tmpTime + \"@test.com\";\n                expect(resBody.data.user.merchantId).to.equal(15671);\n                expect(resBody.data.user.email).to.equal(\"API\"+ tmpTime + \"@test.com\");\n                done();\n            });\n    }, 1000);\n} catch (e) {\n    done(e);\n}",
              "err": {},
              "uuid": "25cfe3e6-61eb-4cbe-a962-f3c3475bc1b9",
              "parentUUID": "eb00d2e6-29f6-461a-9d75-819a52b6d7dc",
              "isHook": false,
              "skipped": false
            },
            {
              "title": "Case 02: change user email => Success",
              "fullTitle": "NewUser → ChangeUserEmail → GetUserProfile => Success Case 02: change user email => Success",
              "timedOut": false,
              "duration": 1139,
              "state": "passed",
              "speed": "slow",
              "pass": true,
              "fail": false,
              "pending": false,
              "context": "[\n  {\n    \"title\": \"StartTime\",\n    \"value\": {\n      \"StartTime\": \"2024-12-12T14:08:17.567Z\"\n    }\n  },\n  {\n    \"title\": \"Request\",\n    \"value\": {\n      \"Request\": {\n        \"URL\": \"https://api.unibee.top/merchant/user/change_email\",\n        \"Headers\": {\n          \"Authorization\": \"UniBee.Portal.eyJhbGciOiJIUzI1NiIsInR5cCI6IkpXVCJ9.eyJlbWFpbCI6Impvc2h1YS55dSs4QHdvd293LmlvIiwiZXhwIjoxNzM0MDE2MTI2LCJpZCI6NjEsIm1lcmNoYW50SWQiOjE1NjcxLCJwZXJtaXNzaW9uS2V5IjoidHJ1ZV9kNzUxNzEzOTg4OTg3ZTkzMzE5ODAzNjNlMjQxODljZSIsInRva2VuVHlwZSI6Ik1FUkNIQU5UX01FTUJFUiJ9.9iLN9Z-gppriKeBs9IU700Cqc-H290SofnY7yRqO9Ts\",\n          \"Content-Type\": \"application/json\"\n        }\n      }\n    }\n  },\n  {\n    \"title\": \"Response\",\n    \"value\": {\n      \"Response\": {\n        \"code\": 0,\n        \"message\": \"\",\n        \"data\": {},\n        \"redirect\": \"\",\n        \"requestId\": \"req20241212NhtpxQMcyuzMtC9\"\n      }\n    }\n  },\n  {\n    \"title\": \"EndTime\",\n    \"value\": {\n      \"EndTime\": \"2024-12-12T14:08:18.706Z\"\n    }\n  }\n]",
              "code": "try {\n    setTimeout(() => {//Wait syncTimeAPI*1000 seconds\n        let newTime = new Date().getTime();\n        ApiReq.changeUserEmail(API_Env.get().headerSet,\n            {\n                \"userId\": testData[\"userId\"],\n                \"externalUserId\": \"\",\n                \"newEmail\": \"test\" + newTime +\"@test.com\",\n            } ,(res, url, header) => {\n                request = {\n                    URL: url,\n                    Headers: header,\n                };\n                // response = res.body;\n                // Expect response headers：x-app,Content-Type\n                expect(res.statusCode).to.equal(200);\n                const resBody = JSON.parse(res.body);\n                response = resBody;\n                console.log(resBody)\n                // // token check\n                testData[\"newEmail\"] = \"test\" + newTime +\"@test.com\";\n                expect(resBody.code).to.equal(0);\n                expect(resBody.message).to.equal(\"\");\n                done();\n            });\n    }, 1000);\n} catch (e) {\n    done(e);\n}",
              "err": {},
              "uuid": "86d450a5-c368-4674-ad46-5dd12a28bf9c",
              "parentUUID": "eb00d2e6-29f6-461a-9d75-819a52b6d7dc",
              "isHook": false,
              "skipped": false
            },
            {
              "title": "Case 03: get user profile => Success",
              "fullTitle": "NewUser → ChangeUserEmail → GetUserProfile => Success Case 03: get user profile => Success",
              "timedOut": false,
              "duration": 1086,
              "state": "passed",
              "speed": "slow",
              "pass": true,
              "fail": false,
              "pending": false,
              "context": "[\n  {\n    \"title\": \"StartTime\",\n    \"value\": {\n      \"StartTime\": \"2024-12-12T14:08:18.707Z\"\n    }\n  },\n  {\n    \"title\": \"Request\",\n    \"value\": {\n      \"Request\": {\n        \"URL\": \"https://api.unibee.top/merchant/user/get?userId=2235429375\",\n        \"Headers\": {\n          \"Authorization\": \"UniBee.Portal.eyJhbGciOiJIUzI1NiIsInR5cCI6IkpXVCJ9.eyJlbWFpbCI6Impvc2h1YS55dSs4QHdvd293LmlvIiwiZXhwIjoxNzM0MDE2MTI2LCJpZCI6NjEsIm1lcmNoYW50SWQiOjE1NjcxLCJwZXJtaXNzaW9uS2V5IjoidHJ1ZV9kNzUxNzEzOTg4OTg3ZTkzMzE5ODAzNjNlMjQxODljZSIsInRva2VuVHlwZSI6Ik1FUkNIQU5UX01FTUJFUiJ9.9iLN9Z-gppriKeBs9IU700Cqc-H290SofnY7yRqO9Ts\",\n          \"Content-Type\": \"application/json\"\n        }\n      }\n    }\n  },\n  {\n    \"title\": \"Response\",\n    \"value\": {\n      \"Response\": {\n        \"code\": 0,\n        \"message\": \"\",\n        \"data\": {\n          \"user\": {\n            \"id\": 2235429375,\n            \"merchantId\": 15671,\n            \"userName\": \"\",\n            \"mobile\": \"\",\n            \"email\": \"test1734012498568@test.com\",\n            \"gender\": \"\",\n            \"avatarUrl\": \"\",\n            \"reMark\": \"\",\n            \"isSpecial\": 0,\n            \"birthday\": \"\",\n            \"profession\": \"\",\n            \"school\": \"\",\n            \"custom\": \"\",\n            \"lastLoginAt\": 0,\n            \"isRisk\": 0,\n            \"gatewayId\": 0,\n            \"version\": 0,\n            \"phone\": \"\",\n            \"address\": \"\",\n            \"firstName\": \"\",\n            \"lastName\": \"\",\n            \"companyName\": \"\",\n            \"vATNumber\": \"\",\n            \"telegram\": \"\",\n            \"whatsAPP\": \"\",\n            \"weChat\": \"\",\n            \"tikTok\": \"\",\n            \"linkedIn\": \"\",\n            \"facebook\": \"\",\n            \"otherSocialInfo\": \"\",\n            \"paymentMethod\": \"\",\n            \"countryCode\": \"\",\n            \"countryName\": \"\",\n            \"subscriptionName\": \"\",\n            \"subscriptionId\": \"\",\n            \"subscriptionStatus\": 0,\n            \"recurringAmount\": 0,\n            \"billingType\": 0,\n            \"timeZone\": \"\",\n            \"createTime\": 1734012497,\n            \"externalUserId\": \"\",\n            \"status\": 0,\n            \"taxPercentage\": 0,\n            \"type\": 0,\n            \"gateway\": null,\n            \"city\": \"\",\n            \"zipCode\": \"\",\n            \"planId\": 0,\n            \"language\": \"\",\n            \"registrationNumber\": \"\",\n            \"promoCreditAccounts\": [],\n            \"creditAccounts\": [],\n            \"metadata\": {}\n          }\n        },\n        \"redirect\": \"\",\n        \"requestId\": \"req20241212DiPIozXDcHPvHy8\"\n      }\n    }\n  },\n  {\n    \"title\": \"EndTime\",\n    \"value\": {\n      \"EndTime\": \"2024-12-12T14:08:19.793Z\"\n    }\n  }\n]",
              "code": "try {\n    setTimeout(() => {//Wait syncTimeAPI*1000 seconds\n        ApiReq.getUserProfile(API_Env.get().headerSet,\n            testData[\"userId\"] ,(res, url, header) => {\n                request = {\n                    URL: url,\n                    Headers: header,\n                };\n                // response = res.body;\n                // Expect response headers：x-app,Content-Type\n                expect(res.statusCode).to.equal(200);\n                const resBody = JSON.parse(res.body);\n                response = resBody;\n                console.log(resBody)\n                // // token check\n                testData[\"updateBody\"] = resBody.data.user;\n                expect(resBody.code).to.equal(0);\n                expect(resBody.message).to.equal(\"\");\n                expect(resBody.data.user.id).to.equal(testData[\"userId\"]);\n                expect(resBody.data.user.email).to.equal(testData[\"newEmail\"]);\n                expect(resBody.data.user.merchantId).to.equal(15671);\n                done();\n            });\n    }, 1000);\n} catch (e) {\n    done(e);\n}",
              "err": {},
              "uuid": "df491a13-0a3d-468c-bd3e-4af606dc7f2f",
              "parentUUID": "eb00d2e6-29f6-461a-9d75-819a52b6d7dc",
              "isHook": false,
              "skipped": false
            }
          ],
          "suites": [],
          "passes": [
            "25cfe3e6-61eb-4cbe-a962-f3c3475bc1b9",
            "86d450a5-c368-4674-ad46-5dd12a28bf9c",
            "df491a13-0a3d-468c-bd3e-4af606dc7f2f"
          ],
          "failures": [],
          "pending": [],
          "skipped": [],
          "duration": 3871,
          "root": false,
          "rootEmpty": false,
          "_timeout": 9000000
        },
        {
          "uuid": "ecbf0e79-3b4d-4ec4-b575-70b0e0f4fe97",
          "title": "NewUser → ChangeUserDefaultGateway → GetUserProfile => Success",
          "fullFile": "/Users/yushijia/Documents/project/AutomationForUnibee/02_API/TestCases/User/01_User.js",
          "file": "/01_User.js",
          "beforeHooks": [
            {
              "title": "\"before each\" hook in \"NewUser → ChangeUserDefaultGateway → GetUserProfile => Success\"",
              "fullTitle": "NewUser → ChangeUserDefaultGateway → GetUserProfile => Success \"before each\" hook in \"NewUser → ChangeUserDefaultGateway → GetUserProfile => Success\"",
              "timedOut": false,
              "duration": 0,
              "state": null,
              "speed": null,
              "pass": false,
              "fail": false,
              "pending": false,
              "context": null,
              "code": "response = null;\naddContext(this, {\n    title: 'StartTime',\n    value: {\n        StartTime: timeStamp = new Date()\n    }\n});",
              "err": {},
              "uuid": "55130ebd-ffbc-411b-be5d-ab6427163771",
              "parentUUID": "ecbf0e79-3b4d-4ec4-b575-70b0e0f4fe97",
              "isHook": true,
              "skipped": false
            }
          ],
          "afterHooks": [
            {
              "title": "\"after each\" hook in \"NewUser → ChangeUserDefaultGateway → GetUserProfile => Success\"",
              "fullTitle": "NewUser → ChangeUserDefaultGateway → GetUserProfile => Success \"after each\" hook in \"NewUser → ChangeUserDefaultGateway → GetUserProfile => Success\"",
              "timedOut": false,
              "duration": 0,
              "state": null,
              "speed": null,
              "pass": false,
              "fail": false,
              "pending": false,
              "context": null,
              "code": "if (response) {\n    addContext(this, {\n        title: 'Request',\n        value: {\n            Request: request\n        }\n    });\n    addContext(this, {\n        title: 'Response',\n        value: {\n            Response: response\n        }\n    });\n}\naddContext(this, {\n    title: 'EndTime',\n    value: {\n        EndTime: timeStamp = new Date()\n    }\n});",
              "err": {},
              "uuid": "7a380c08-0318-45cd-a8fd-ff219ceacbb3",
              "parentUUID": "ecbf0e79-3b4d-4ec4-b575-70b0e0f4fe97",
              "isHook": true,
              "skipped": false
            }
          ],
          "tests": [
            {
              "title": "Case 01: new user => Success",
              "fullTitle": "NewUser → ChangeUserDefaultGateway → GetUserProfile => Success Case 01: new user => Success",
              "timedOut": false,
              "duration": 1552,
              "state": "passed",
              "speed": "slow",
              "pass": true,
              "fail": false,
              "pending": false,
              "context": "[\n  {\n    \"title\": \"StartTime\",\n    \"value\": {\n      \"StartTime\": \"2024-12-12T14:08:19.799Z\"\n    }\n  },\n  {\n    \"title\": \"Request\",\n    \"value\": {\n      \"Request\": {\n        \"URL\": \"https://api.unibee.top/merchant/user/new\",\n        \"Headers\": {\n          \"Authorization\": \"UniBee.Portal.eyJhbGciOiJIUzI1NiIsInR5cCI6IkpXVCJ9.eyJlbWFpbCI6Impvc2h1YS55dSs4QHdvd293LmlvIiwiZXhwIjoxNzM0MDE2MTI2LCJpZCI6NjEsIm1lcmNoYW50SWQiOjE1NjcxLCJwZXJtaXNzaW9uS2V5IjoidHJ1ZV9kNzUxNzEzOTg4OTg3ZTkzMzE5ODAzNjNlMjQxODljZSIsInRva2VuVHlwZSI6Ik1FUkNIQU5UX01FTUJFUiJ9.9iLN9Z-gppriKeBs9IU700Cqc-H290SofnY7yRqO9Ts\",\n          \"Content-Type\": \"application/json\"\n        }\n      }\n    }\n  },\n  {\n    \"title\": \"Response\",\n    \"value\": {\n      \"Response\": {\n        \"code\": 0,\n        \"message\": \"\",\n        \"data\": {\n          \"user\": {\n            \"id\": 2235429376,\n            \"merchantId\": 15671,\n            \"userName\": \"\",\n            \"mobile\": \"\",\n            \"email\": \"API1734012500801@test.com\",\n            \"gender\": \"\",\n            \"avatarUrl\": \"\",\n            \"reMark\": \"\",\n            \"isSpecial\": 0,\n            \"birthday\": \"\",\n            \"profession\": \"\",\n            \"school\": \"\",\n            \"custom\": \"\",\n            \"lastLoginAt\": 0,\n            \"isRisk\": 0,\n            \"gatewayId\": 0,\n            \"version\": 0,\n            \"phone\": \"\",\n            \"address\": \"\",\n            \"firstName\": \"\",\n            \"lastName\": \"\",\n            \"companyName\": \"\",\n            \"vATNumber\": \"\",\n            \"telegram\": \"\",\n            \"whatsAPP\": \"\",\n            \"weChat\": \"\",\n            \"tikTok\": \"\",\n            \"linkedIn\": \"\",\n            \"facebook\": \"\",\n            \"otherSocialInfo\": \"\",\n            \"paymentMethod\": \"\",\n            \"countryCode\": \"\",\n            \"countryName\": \"\",\n            \"subscriptionName\": \"\",\n            \"subscriptionId\": \"\",\n            \"subscriptionStatus\": 0,\n            \"recurringAmount\": 0,\n            \"billingType\": 0,\n            \"timeZone\": \"\",\n            \"createTime\": 1734012501,\n            \"externalUserId\": \"\",\n            \"status\": 0,\n            \"taxPercentage\": 0,\n            \"type\": 0,\n            \"city\": \"\",\n            \"zipCode\": \"\",\n            \"language\": \"\",\n            \"registrationNumber\": \"\",\n            \"metadata\": {}\n          }\n        },\n        \"redirect\": \"\",\n        \"requestId\": \"req20241212hOgxB3yz3tTJVDe\"\n      }\n    }\n  },\n  {\n    \"title\": \"EndTime\",\n    \"value\": {\n      \"EndTime\": \"2024-12-12T14:08:21.353Z\"\n    }\n  }\n]",
              "code": "try {\n    setTimeout(() => {//Wait syncTimeAPI*1000 seconds\n        let tmpTime = new Date().getTime();\n        ApiReq.newUser(API_Env.get().headerSet,\n            {\n                \"externalUserId\": \"\",\n                \"email\": \"API\"+ tmpTime + \"@test.com\",\n                \"firstName\": \"\",\n                \"lastName\": \"\",\n                \"password\": \"Aa@666666\",\n                \"phone\": \"\",\n                \"address\": \"\",\n                \"language\": \"\"\n            },(res, url, header) => {\n                request = {\n                    URL: url,\n                    Headers: header,\n                };\n                // response = res.body;\n                // Expect response headers：x-app,Content-Type\n                expect(res.statusCode).to.equal(200);\n                const resBody = JSON.parse(res.body);\n                response = resBody;\n                console.log(resBody)\n                // // token check\n                expect(resBody.code).to.equal(0);\n                expect(resBody.message).to.equal(\"\");\n                testData[\"userId\"] = resBody.data.user.id;\n                testData[\"email\"] = \"API\"+ tmpTime + \"@test.com\";\n                expect(resBody.data.user.merchantId).to.equal(15671);\n                expect(resBody.data.user.email).to.equal(\"API\"+ tmpTime + \"@test.com\");\n                done();\n            });\n    }, 1000);\n} catch (e) {\n    done(e);\n}",
              "err": {},
              "uuid": "7a846d56-fcf5-4ecf-9fe9-56b8c0b3f870",
              "parentUUID": "ecbf0e79-3b4d-4ec4-b575-70b0e0f4fe97",
              "isHook": false,
              "skipped": false
            },
            {
              "title": "Case 02: ChangeUserDefaultGateway => Success",
              "fullTitle": "NewUser → ChangeUserDefaultGateway → GetUserProfile => Success Case 02: ChangeUserDefaultGateway => Success",
              "timedOut": false,
              "duration": 1423,
              "state": "passed",
              "speed": "slow",
              "pass": true,
              "fail": false,
              "pending": false,
              "context": "[\n  {\n    \"title\": \"StartTime\",\n    \"value\": {\n      \"StartTime\": \"2024-12-12T14:08:21.353Z\"\n    }\n  },\n  {\n    \"title\": \"Request\",\n    \"value\": {\n      \"Request\": {\n        \"URL\": \"https://api.unibee.top/merchant/user/change_gateway\",\n        \"Headers\": {\n          \"Authorization\": \"UniBee.Portal.eyJhbGciOiJIUzI1NiIsInR5cCI6IkpXVCJ9.eyJlbWFpbCI6Impvc2h1YS55dSs4QHdvd293LmlvIiwiZXhwIjoxNzM0MDE2MTI2LCJpZCI6NjEsIm1lcmNoYW50SWQiOjE1NjcxLCJwZXJtaXNzaW9uS2V5IjoidHJ1ZV9kNzUxNzEzOTg4OTg3ZTkzMzE5ODAzNjNlMjQxODljZSIsInRva2VuVHlwZSI6Ik1FUkNIQU5UX01FTUJFUiJ9.9iLN9Z-gppriKeBs9IU700Cqc-H290SofnY7yRqO9Ts\",\n          \"Content-Type\": \"application/json\"\n        }\n      }\n    }\n  },\n  {\n    \"title\": \"Response\",\n    \"value\": {\n      \"Response\": {\n        \"code\": 0,\n        \"message\": \"\",\n        \"data\": {},\n        \"redirect\": \"\",\n        \"requestId\": \"req20241212vZu93WNyaHgTsE7\"\n      }\n    }\n  },\n  {\n    \"title\": \"EndTime\",\n    \"value\": {\n      \"EndTime\": \"2024-12-12T14:08:22.777Z\"\n    }\n  }\n]",
              "code": "try {\n    setTimeout(() => {//Wait syncTimeAPI*1000 seconds\n        let newTime = new Date().getTime();\n        ApiReq.changeUserDefaultGateway(API_Env.get().headerSet,\n            {\n                \"userId\": testData[\"userId\"],\n                \"gatewayId\": 40,\n                \"paymentMethodId\": \"\"\n            } ,(res, url, header) => {\n                request = {\n                    URL: url,\n                    Headers: header,\n                };\n                // response = res.body;\n                // Expect response headers：x-app,Content-Type\n                expect(res.statusCode).to.equal(200);\n                const resBody = JSON.parse(res.body);\n                response = resBody;\n                console.log(resBody)\n                // // token check\n                expect(resBody.code).to.equal(0);\n                expect(resBody.message).to.equal(\"\");\n                done();\n            });\n    }, 1000);\n} catch (e) {\n    done(e);\n}",
              "err": {},
              "uuid": "c6878525-6bd3-4273-b341-b9a4edc66e97",
              "parentUUID": "ecbf0e79-3b4d-4ec4-b575-70b0e0f4fe97",
              "isHook": false,
              "skipped": false
            },
            {
              "title": "Case 03: get user profile => Success",
              "fullTitle": "NewUser → ChangeUserDefaultGateway → GetUserProfile => Success Case 03: get user profile => Success",
              "timedOut": false,
              "duration": 1093,
              "state": "passed",
              "speed": "slow",
              "pass": true,
              "fail": false,
              "pending": false,
              "context": "[\n  {\n    \"title\": \"StartTime\",\n    \"value\": {\n      \"StartTime\": \"2024-12-12T14:08:22.778Z\"\n    }\n  },\n  {\n    \"title\": \"Request\",\n    \"value\": {\n      \"Request\": {\n        \"URL\": \"https://api.unibee.top/merchant/user/get?userId=2235429376\",\n        \"Headers\": {\n          \"Authorization\": \"UniBee.Portal.eyJhbGciOiJIUzI1NiIsInR5cCI6IkpXVCJ9.eyJlbWFpbCI6Impvc2h1YS55dSs4QHdvd293LmlvIiwiZXhwIjoxNzM0MDE2MTI2LCJpZCI6NjEsIm1lcmNoYW50SWQiOjE1NjcxLCJwZXJtaXNzaW9uS2V5IjoidHJ1ZV9kNzUxNzEzOTg4OTg3ZTkzMzE5ODAzNjNlMjQxODljZSIsInRva2VuVHlwZSI6Ik1FUkNIQU5UX01FTUJFUiJ9.9iLN9Z-gppriKeBs9IU700Cqc-H290SofnY7yRqO9Ts\",\n          \"Content-Type\": \"application/json\"\n        }\n      }\n    }\n  },\n  {\n    \"title\": \"Response\",\n    \"value\": {\n      \"Response\": {\n        \"code\": 0,\n        \"message\": \"\",\n        \"data\": {\n          \"user\": {\n            \"id\": 2235429376,\n            \"merchantId\": 15671,\n            \"userName\": \"\",\n            \"mobile\": \"\",\n            \"email\": \"API1734012500801@test.com\",\n            \"gender\": \"\",\n            \"avatarUrl\": \"\",\n            \"reMark\": \"\",\n            \"isSpecial\": 0,\n            \"birthday\": \"\",\n            \"profession\": \"\",\n            \"school\": \"\",\n            \"custom\": \"\",\n            \"lastLoginAt\": 0,\n            \"isRisk\": 0,\n            \"gatewayId\": 40,\n            \"version\": 0,\n            \"phone\": \"\",\n            \"address\": \"\",\n            \"firstName\": \"\",\n            \"lastName\": \"\",\n            \"companyName\": \"\",\n            \"vATNumber\": \"\",\n            \"telegram\": \"\",\n            \"whatsAPP\": \"\",\n            \"weChat\": \"\",\n            \"tikTok\": \"\",\n            \"linkedIn\": \"\",\n            \"facebook\": \"\",\n            \"otherSocialInfo\": \"\",\n            \"paymentMethod\": \"\",\n            \"countryCode\": \"\",\n            \"countryName\": \"\",\n            \"subscriptionName\": \"\",\n            \"subscriptionId\": \"\",\n            \"subscriptionStatus\": 0,\n            \"recurringAmount\": 0,\n            \"billingType\": 0,\n            \"timeZone\": \"\",\n            \"createTime\": 1734012501,\n            \"externalUserId\": \"\",\n            \"status\": 0,\n            \"taxPercentage\": 0,\n            \"type\": 0,\n            \"gateway\": {\n              \"gatewayId\": 40,\n              \"gatewayName\": \"stripe\",\n              \"displayName\": \"Stripe\",\n              \"gatewayLogo\": \"http://unibee.top/files/invoice/stripe.png\",\n              \"gatewayKey\": \"pk_t**********************************************************************************************************jVUc\",\n              \"gatewayType\": 1,\n              \"countryConfig\": null,\n              \"createTime\": 0,\n              \"minimumAmount\": 0,\n              \"currency\": \"\",\n              \"bank\": null,\n              \"webhookEndpointUrl\": \"https://api.unibee.top/payment/gateway_webhook_entry/40/notifications\",\n              \"webhookSecret\": \"whse*************************************fc0T\"\n            },\n            \"city\": \"\",\n            \"zipCode\": \"\",\n            \"planId\": 0,\n            \"language\": \"\",\n            \"registrationNumber\": \"\",\n            \"promoCreditAccounts\": [],\n            \"creditAccounts\": [],\n            \"metadata\": {}\n          }\n        },\n        \"redirect\": \"\",\n        \"requestId\": \"req20241212LpzIbMvJnOhbU7S\"\n      }\n    }\n  },\n  {\n    \"title\": \"EndTime\",\n    \"value\": {\n      \"EndTime\": \"2024-12-12T14:08:23.872Z\"\n    }\n  }\n]",
              "code": "try {\n    setTimeout(() => {//Wait syncTimeAPI*1000 seconds\n        ApiReq.getUserProfile(API_Env.get().headerSet,\n            testData[\"userId\"] ,(res, url, header) => {\n                request = {\n                    URL: url,\n                    Headers: header,\n                };\n                // response = res.body;\n                // Expect response headers：x-app,Content-Type\n                expect(res.statusCode).to.equal(200);\n                const resBody = JSON.parse(res.body);\n                response = resBody;\n                console.log(resBody)\n                // // token check\n                testData[\"updateBody\"] = resBody.data.user;\n                expect(resBody.code).to.equal(0);\n                expect(resBody.message).to.equal(\"\");\n                expect(resBody.data.user.id).to.equal(testData[\"userId\"]);\n                expect(resBody.data.user.email).to.equal(testData[\"email\"]);\n                expect(resBody.data.user.gatewayId).to.equal(40);\n                done();\n            });\n    }, 1000);\n} catch (e) {\n    done(e);\n}",
              "err": {},
              "uuid": "c819536a-aba1-40b2-9340-640b543d9339",
              "parentUUID": "ecbf0e79-3b4d-4ec4-b575-70b0e0f4fe97",
              "isHook": false,
              "skipped": false
            }
          ],
          "suites": [],
          "passes": [
            "7a846d56-fcf5-4ecf-9fe9-56b8c0b3f870",
            "c6878525-6bd3-4273-b341-b9a4edc66e97",
            "c819536a-aba1-40b2-9340-640b543d9339"
          ],
          "failures": [],
          "pending": [],
          "skipped": [],
          "duration": 4068,
          "root": false,
          "rootEmpty": false,
          "_timeout": 9000000
        },
        {
          "uuid": "74a45591-29ca-48e4-add0-6380e24e8671",
          "title": "NewUser → ClearAutoChargeMethod → GetUserProfile => Success",
          "fullFile": "/Users/yushijia/Documents/project/AutomationForUnibee/02_API/TestCases/User/01_User.js",
          "file": "/01_User.js",
          "beforeHooks": [
            {
              "title": "\"before each\" hook in \"NewUser → ClearAutoChargeMethod → GetUserProfile => Success\"",
              "fullTitle": "NewUser → ClearAutoChargeMethod → GetUserProfile => Success \"before each\" hook in \"NewUser → ClearAutoChargeMethod → GetUserProfile => Success\"",
              "timedOut": false,
              "duration": 0,
              "state": null,
              "speed": null,
              "pass": false,
              "fail": false,
              "pending": false,
              "context": null,
              "code": "response = null;\naddContext(this, {\n    title: 'StartTime',\n    value: {\n        StartTime: timeStamp = new Date()\n    }\n});",
              "err": {},
              "uuid": "977f7443-5d13-4aff-b5f0-baf5d90626f6",
              "parentUUID": "74a45591-29ca-48e4-add0-6380e24e8671",
              "isHook": true,
              "skipped": false
            }
          ],
          "afterHooks": [
            {
              "title": "\"after each\" hook in \"NewUser → ClearAutoChargeMethod → GetUserProfile => Success\"",
              "fullTitle": "NewUser → ClearAutoChargeMethod → GetUserProfile => Success \"after each\" hook in \"NewUser → ClearAutoChargeMethod → GetUserProfile => Success\"",
              "timedOut": false,
              "duration": 0,
              "state": null,
              "speed": null,
              "pass": false,
              "fail": false,
              "pending": false,
              "context": null,
              "code": "if (response) {\n    addContext(this, {\n        title: 'Request',\n        value: {\n            Request: request\n        }\n    });\n    addContext(this, {\n        title: 'Response',\n        value: {\n            Response: response\n        }\n    });\n}\naddContext(this, {\n    title: 'EndTime',\n    value: {\n        EndTime: timeStamp = new Date()\n    }\n});",
              "err": {},
              "uuid": "ca142ffe-4662-4e74-a803-54f536c52319",
              "parentUUID": "74a45591-29ca-48e4-add0-6380e24e8671",
              "isHook": true,
              "skipped": false
            }
          ],
          "tests": [
            {
              "title": "Case 01: new user => Success",
              "fullTitle": "NewUser → ClearAutoChargeMethod → GetUserProfile => Success Case 01: new user => Success",
              "timedOut": false,
              "duration": 1114,
              "state": "passed",
              "speed": "slow",
              "pass": true,
              "fail": false,
              "pending": false,
[...]
              "fullTitle": "NewUser → NewAdminNote → UserAdminNoteList => Success \"before each\" hook in \"NewUser → NewAdminNote → UserAdminNoteList => Success\"",
              "timedOut": false,
              "duration": 0,
              "state": null,
              "speed": null,
              "pass": false,
              "fail": false,
              "pending": false,
              "context": null,
              "code": "response = null;\naddContext(this, {\n    title: 'StartTime',\n    value: {\n        StartTime: timeStamp = new Date()\n    }\n});",
              "err": {},
              "uuid": "558ef678-58c6-47ca-972a-fbbe1707cf8b",
              "parentUUID": "02411646-a623-4cd7-a98f-7b389a24e0ff",
              "isHook": true,
              "skipped": false
            }
          ],
          "afterHooks": [
            {
              "title": "\"after each\" hook in \"NewUser → NewAdminNote → UserAdminNoteList => Success\"",
              "fullTitle": "NewUser → NewAdminNote → UserAdminNoteList => Success \"after each\" hook in \"NewUser → NewAdminNote → UserAdminNoteList => Success\"",
              "timedOut": false,
              "duration": 0,
              "state": null,
              "speed": null,
              "pass": false,
              "fail": false,
              "pending": false,
              "context": null,
              "code": "if (response) {\n    addContext(this, {\n        title: 'Request',\n        value: {\n            Request: request\n        }\n    });\n    addContext(this, {\n        title: 'Response',\n        value: {\n            Response: response\n        }\n    });\n}\naddContext(this, {\n    title: 'EndTime',\n    value: {\n        EndTime: timeStamp = new Date()\n    }\n});",
              "err": {},
              "uuid": "572a81f3-2e17-4fb0-afdb-801a01b3eb6b",
              "parentUUID": "02411646-a623-4cd7-a98f-7b389a24e0ff",
              "isHook": true,
              "skipped": false
            }
          ],
          "tests": [
            {
              "title": "Case 01: login => Success",
              "fullTitle": "NewUser → NewAdminNote → UserAdminNoteList => Success Case 01: login => Success",
              "timedOut": false,
              "duration": 1087,
              "state": "passed",
              "speed": "slow",
              "pass": true,
              "fail": false,
              "pending": false,
              "context": "[\n  {\n    \"title\": \"StartTime\",\n    \"value\": {\n      \"StartTime\": \"2024-12-12T14:08:45.767Z\"\n    }\n  },\n  {\n    \"title\": \"Request\",\n    \"value\": {\n      \"Request\": {\n        \"URL\": \"https://api.unibee.top/merchant/auth/sso/login\",\n        \"Headers\": {\n          \"Authorization\": \"UniBee.Portal.eyJhbGciOiJIUzI1NiIsInR5cCI6IkpXVCJ9.eyJlbWFpbCI6Impvc2h1YS55dSs4QHdvd293LmlvIiwiZXhwIjoxNzM0MDE2MTI2LCJpZCI6NjEsIm1lcmNoYW50SWQiOjE1NjcxLCJwZXJtaXNzaW9uS2V5IjoidHJ1ZV9kNzUxNzEzOTg4OTg3ZTkzMzE5ODAzNjNlMjQxODljZSIsInRva2VuVHlwZSI6Ik1FUkNIQU5UX01FTUJFUiJ9.9iLN9Z-gppriKeBs9IU700Cqc-H290SofnY7yRqO9Ts\",\n          \"Content-Type\": \"application/json\"\n        },\n        \"Body\": {\n          \"email\": \"joshua.yu+8@wowow.io\",\n          \"password\": \"Aa@666666\"\n        }\n      }\n    }\n  },\n  {\n    \"title\": \"Response\",\n    \"value\": {\n      \"Response\": {\n        \"code\": 0,\n        \"message\": \"\",\n        \"data\": {\n          \"merchantMember\": {\n            \"id\": 61,\n            \"merchantId\": 15671,\n            \"email\": \"joshua.yu+8@wowow.io\",\n            \"firstName\": \"Joshua8\",\n            \"lastName\": \"Yu\",\n            \"createTime\": 1716961601,\n            \"mobile\": \"\",\n            \"isOwner\": true,\n            \"status\": 0,\n            \"MemberRoles\": []\n          },\n          \"token\": \"UniBee.Portal.eyJhbGciOiJIUzI1NiIsInR5cCI6IkpXVCJ9.eyJlbWFpbCI6Impvc2h1YS55dSs4QHdvd293LmlvIiwiZXhwIjoxNzM0MDE2MTI2LCJpZCI6NjEsIm1lcmNoYW50SWQiOjE1NjcxLCJwZXJtaXNzaW9uS2V5IjoidHJ1ZV9kNzUxNzEzOTg4OTg3ZTkzMzE5ODAzNjNlMjQxODljZSIsInRva2VuVHlwZSI6Ik1FUkNIQU5UX01FTUJFUiJ9.9iLN9Z-gppriKeBs9IU700Cqc-H290SofnY7yRqO9Ts\"\n        },\n        \"redirect\": \"\",\n        \"requestId\": \"req20241212ASvsN671ZTJ4AV5\"\n      }\n    }\n  },\n  {\n    \"title\": \"EndTime\",\n    \"value\": {\n      \"EndTime\": \"2024-12-12T14:08:46.855Z\"\n    }\n  }\n]",
              "code": "try {\n    setTimeout(() => {//Wait syncTimeAPI*1000 seconds\n        ApiReq.login(API_Env.get().headerSet,{\n            \"email\": \"joshua.yu+8@wowow.io\",\n            \"password\":\"Aa@666666\"\n        },(res, url, header, bodyObject) => {\n            request = JSON.stringify(bodyObject);\n            request = {\n                URL: url,\n                Headers: header,\n                Body: JSON.parse(request)\n            };\n            // response = res.body;\n            // Expect response headers：x-app,Content-Type\n            expect(res.statusCode).to.equal(200);\n            const resBody = JSON.parse(res.body);\n            response = resBody;\n            console.log(resBody)\n            // // token check\n            expect(resBody.code).to.equal(0);\n            expect(resBody.message).to.equal(\"\");\n            testData[\"token\"] = resBody.data[\"token\"];\n            done();\n        });\n    }, 1000);\n} catch (e) {\n    done(e);\n}",
              "err": {},
              "uuid": "2ea784a9-3014-4e77-9071-d06e86c30f65",
              "parentUUID": "02411646-a623-4cd7-a98f-7b389a24e0ff",
              "isHook": false,
              "skipped": false
            },
            {
              "title": "Case 02: new user => Success",
              "fullTitle": "NewUser → NewAdminNote → UserAdminNoteList => Success Case 02: new user => Success",
              "timedOut": false,
              "duration": 1174,
              "state": "passed",
              "speed": "slow",
              "pass": true,
              "fail": false,
              "pending": false,
              "context": "[\n  {\n    \"title\": \"StartTime\",\n    \"value\": {\n      \"StartTime\": \"2024-12-12T14:08:46.855Z\"\n    }\n  },\n  {\n    \"title\": \"Request\",\n    \"value\": {\n      \"Request\": {\n        \"URL\": \"https://api.unibee.top/merchant/user/new\",\n        \"Headers\": {\n          \"Authorization\": \"UniBee.Portal.eyJhbGciOiJIUzI1NiIsInR5cCI6IkpXVCJ9.eyJlbWFpbCI6Impvc2h1YS55dSs4QHdvd293LmlvIiwiZXhwIjoxNzM0MDE2MTI2LCJpZCI6NjEsIm1lcmNoYW50SWQiOjE1NjcxLCJwZXJtaXNzaW9uS2V5IjoidHJ1ZV9kNzUxNzEzOTg4OTg3ZTkzMzE5ODAzNjNlMjQxODljZSIsInRva2VuVHlwZSI6Ik1FUkNIQU5UX01FTUJFUiJ9.9iLN9Z-gppriKeBs9IU700Cqc-H290SofnY7yRqO9Ts\",\n          \"Content-Type\": \"application/json\"\n        }\n      }\n    }\n  },\n  {\n    \"title\": \"Response\",\n    \"value\": {\n      \"Response\": {\n        \"code\": 0,\n        \"message\": \"\",\n        \"data\": {\n          \"user\": {\n            \"id\": 2235429382,\n            \"merchantId\": 15671,\n            \"userName\": \"\",\n            \"mobile\": \"\",\n            \"email\": \"API1734012527857@test.com\",\n            \"gender\": \"\",\n            \"avatarUrl\": \"\",\n            \"reMark\": \"\",\n            \"isSpecial\": 0,\n            \"birthday\": \"\",\n            \"profession\": \"\",\n            \"school\": \"\",\n            \"custom\": \"\",\n            \"lastLoginAt\": 0,\n            \"isRisk\": 0,\n            \"gatewayId\": 0,\n            \"version\": 0,\n            \"phone\": \"\",\n            \"address\": \"\",\n            \"firstName\": \"\",\n            \"lastName\": \"\",\n            \"companyName\": \"\",\n            \"vATNumber\": \"\",\n            \"telegram\": \"\",\n            \"whatsAPP\": \"\",\n            \"weChat\": \"\",\n            \"tikTok\": \"\",\n            \"linkedIn\": \"\",\n            \"facebook\": \"\",\n            \"otherSocialInfo\": \"\",\n            \"paymentMethod\": \"\",\n            \"countryCode\": \"\",\n            \"countryName\": \"\",\n            \"subscriptionName\": \"\",\n            \"subscriptionId\": \"\",\n            \"subscriptionStatus\": 0,\n            \"recurringAmount\": 0,\n            \"billingType\": 0,\n            \"timeZone\": \"\",\n            \"createTime\": 1734012528,\n            \"externalUserId\": \"\",\n            \"status\": 0,\n            \"taxPercentage\": 0,\n            \"type\": 0,\n            \"city\": \"\",\n            \"zipCode\": \"\",\n            \"language\": \"\",\n            \"registrationNumber\": \"\",\n            \"metadata\": {}\n          }\n        },\n        \"redirect\": \"\",\n        \"requestId\": \"req20241212B2T2bwl4nQPip8m\"\n      }\n    }\n  },\n  {\n    \"title\": \"EndTime\",\n    \"value\": {\n      \"EndTime\": \"2024-12-12T14:08:48.030Z\"\n    }\n  }\n]",
              "code": "try {\n    setTimeout(() => {//Wait syncTimeAPI*1000 seconds\n        let tmpTime = new Date().getTime();\n        ApiReq.newUser(API_Env.get().headerSet,\n            {\n                \"externalUserId\": \"\",\n                \"email\": \"API\"+ tmpTime + \"@test.com\",\n                \"firstName\": \"\",\n                \"lastName\": \"\",\n                \"password\": \"Aa@666666\",\n                \"phone\": \"\",\n                \"address\": \"\",\n                \"language\": \"\"\n            },(res, url, header) => {\n                request = {\n                    URL: url,\n                    Headers: header,\n                };\n                // response = res.body;\n                // Expect response headers：x-app,Content-Type\n                expect(res.statusCode).to.equal(200);\n                const resBody = JSON.parse(res.body);\n                response = resBody;\n                console.log(resBody)\n                // // token check\n                expect(resBody.code).to.equal(0);\n                expect(resBody.message).to.equal(\"\");\n                testData[\"userId\"] = resBody.data.user.id;\n                testData[\"email\"] = \"API\"+ tmpTime + \"@test.com\";\n                expect(resBody.data.user.merchantId).to.equal(15671);\n                expect(resBody.data.user.email).to.equal(\"API\"+ tmpTime + \"@test.com\");\n                done();\n            });\n    }, 1000);\n} catch (e) {\n    done(e);\n}",
              "err": {},
              "uuid": "5e455ae5-7657-48b6-8aef-b050c21540e5",
              "parentUUID": "02411646-a623-4cd7-a98f-7b389a24e0ff",
              "isHook": false,
              "skipped": false
            },
            {
              "title": "Case 03: NewAdminNote => Success",
              "fullTitle": "NewUser → NewAdminNote → UserAdminNoteList => Success Case 03: NewAdminNote => Success",
              "timedOut": false,
              "duration": 1089,
              "state": "passed",
              "speed": "slow",
              "pass": true,
              "fail": false,
              "pending": false,
              "context": "[\n  {\n    \"title\": \"StartTime\",\n    \"value\": {\n      \"StartTime\": \"2024-12-12T14:08:48.031Z\"\n    }\n  },\n  {\n    \"title\": \"Request\",\n    \"value\": {\n      \"Request\": {\n        \"URL\": \"https://api.unibee.top/merchant/user/new_admin_note\",\n        \"Headers\": {\n          \"Authorization\": \"UniBee.Portal.eyJhbGciOiJIUzI1NiIsInR5cCI6IkpXVCJ9.eyJlbWFpbCI6Impvc2h1YS55dSs4QHdvd293LmlvIiwiZXhwIjoxNzM0MDE2MTI2LCJpZCI6NjEsIm1lcmNoYW50SWQiOjE1NjcxLCJwZXJtaXNzaW9uS2V5IjoidHJ1ZV9kNzUxNzEzOTg4OTg3ZTkzMzE5ODAzNjNlMjQxODljZSIsInRva2VuVHlwZSI6Ik1FUkNIQU5UX01FTUJFUiJ9.9iLN9Z-gppriKeBs9IU700Cqc-H290SofnY7yRqO9Ts\",\n          \"Content-Type\": \"application/json\"\n        }\n      }\n    }\n  },\n  {\n    \"title\": \"Response\",\n    \"value\": {\n      \"Response\": {\n        \"code\": 0,\n        \"message\": \"\",\n        \"data\": {},\n        \"redirect\": \"\",\n        \"requestId\": \"req20241212pGJLyeli2SHTndW\"\n      }\n    }\n  },\n  {\n    \"title\": \"EndTime\",\n    \"value\": {\n      \"EndTime\": \"2024-12-12T14:08:49.121Z\"\n    }\n  }\n]",
              "code": "try {\n    setTimeout(() => {//Wait syncTimeAPI*1000 seconds\n        API_Env.get().headerSet[\"Authorization\"] = testData[\"token\"]\n        ApiReq.newAdminNote(API_Env.get().headerSet,{\n            \"userId\": testData[\"userId\"],\n            \"note\": \"automation test for API\"\n        }\n             ,(res, url, header) => {\n                request = {\n                    URL: url,\n                    Headers: header,\n                };\n                // response = res.body;\n                // Expect response headers：x-app,Content-Type\n                expect(res.statusCode).to.equal(200);\n                const resBody = JSON.parse(res.body);\n                response = resBody;\n                console.log(resBody)\n                // // token check\n                expect(resBody.code).to.equal(0);\n                expect(resBody.message).to.equal(\"\");\n                done();\n            });\n    }, 1000);\n} catch (e) {\n    done(e);\n}",
              "err": {},
              "uuid": "26e5e294-2bb9-4b34-b35e-5a7d61b40a5a",
              "parentUUID": "02411646-a623-4cd7-a98f-7b389a24e0ff",
              "isHook": false,
              "skipped": false
            },
            {
              "title": "Case 04: user Admin note list => Success",
              "fullTitle": "NewUser → NewAdminNote → UserAdminNoteList => Success Case 04: user Admin note list => Success",
              "timedOut": false,
              "duration": 1087,
              "state": "passed",
              "speed": "slow",
              "pass": true,
              "fail": false,
              "pending": false,
              "context": "[\n  {\n    \"title\": \"StartTime\",\n    \"value\": {\n      \"StartTime\": \"2024-12-12T14:08:49.121Z\"\n    }\n  },\n  {\n    \"title\": \"Request\",\n    \"value\": {\n      \"Request\": {\n        \"URL\": \"https://api.unibee.top/merchant/user/admin_note_list?userId=2235429382\",\n        \"Headers\": {\n          \"Authorization\": \"UniBee.Portal.eyJhbGciOiJIUzI1NiIsInR5cCI6IkpXVCJ9.eyJlbWFpbCI6Impvc2h1YS55dSs4QHdvd293LmlvIiwiZXhwIjoxNzM0MDE2MTI2LCJpZCI6NjEsIm1lcmNoYW50SWQiOjE1NjcxLCJwZXJtaXNzaW9uS2V5IjoidHJ1ZV9kNzUxNzEzOTg4OTg3ZTkzMzE5ODAzNjNlMjQxODljZSIsInRva2VuVHlwZSI6Ik1FUkNIQU5UX01FTUJFUiJ9.9iLN9Z-gppriKeBs9IU700Cqc-H290SofnY7yRqO9Ts\",\n          \"Content-Type\": \"application/json\"\n        }\n      }\n    }\n  },\n  {\n    \"title\": \"Response\",\n    \"value\": {\n      \"Response\": {\n        \"code\": 0,\n        \"message\": \"\",\n        \"data\": {\n          \"noteLists\": [\n            {\n              \"id\": 117,\n              \"createTime\": 1734012529,\n              \"userId\": 2235429382,\n              \"merchantMemberId\": 61,\n              \"note\": \"automation test for API\",\n              \"userAccount\": {\n                \"id\": 2235429382,\n                \"merchantId\": 15671,\n                \"userName\": \"\",\n                \"mobile\": \"\",\n                \"email\": \"API1734012527857@test.com\",\n                \"gender\": \"\",\n                \"avatarUrl\": \"\",\n                \"reMark\": \"\",\n                \"isSpecial\": 0,\n                \"birthday\": \"\",\n                \"profession\": \"\",\n                \"school\": \"\",\n                \"custom\": \"\",\n                \"lastLoginAt\": 0,\n                \"isRisk\": 0,\n                \"gatewayId\": 0,\n                \"version\": 0,\n                \"phone\": \"\",\n                \"address\": \"\",\n                \"firstName\": \"\",\n                \"lastName\": \"\",\n                \"companyName\": \"\",\n                \"vATNumber\": \"\",\n                \"telegram\": \"\",\n                \"whatsAPP\": \"\",\n                \"weChat\": \"\",\n                \"tikTok\": \"\",\n                \"linkedIn\": \"\",\n                \"facebook\": \"\",\n                \"otherSocialInfo\": \"\",\n                \"paymentMethod\": \"\",\n                \"countryCode\": \"\",\n                \"countryName\": \"\",\n                \"subscriptionName\": \"\",\n                \"subscriptionId\": \"\",\n                \"subscriptionStatus\": 0,\n                \"recurringAmount\": 0,\n                \"billingType\": 0,\n                \"timeZone\": \"\",\n                \"createTime\": 1734012528,\n                \"externalUserId\": \"\",\n                \"status\": 0,\n                \"taxPercentage\": 0,\n                \"type\": 0,\n                \"city\": \"\",\n                \"zipCode\": \"\",\n                \"language\": \"\",\n                \"registrationNumber\": \"\",\n                \"metadata\": {}\n              },\n              \"merchantMember\": {\n                \"id\": 61,\n                \"merchantId\": 15671,\n                \"email\": \"joshua.yu+8@wowow.io\",\n                \"firstName\": \"Joshua8\",\n                \"lastName\": \"Yu\",\n                \"createTime\": 1716961601,\n                \"mobile\": \"\",\n                \"isOwner\": true,\n                \"status\": 0,\n                \"MemberRoles\": []\n              }\n            }\n          ]\n        },\n        \"redirect\": \"\",\n        \"requestId\": \"req20241212Qpt5UwQ4ujP0OQt\"\n      }\n    }\n  },\n  {\n    \"title\": \"EndTime\",\n    \"value\": {\n      \"EndTime\": \"2024-12-12T14:08:50.208Z\"\n    }\n  }\n]",
              "code": "try {\n    setTimeout(() => {//Wait syncTimeAPI*1000 seconds\n        ApiReq.userAdminNoteList(API_Env.get().headerSet,{\n                \"userId\": testData[\"userId\"]\n            }\n            ,(res, url, header) => {\n                request = {\n                    URL: url,\n                    Headers: header,\n                };\n                // response = res.body;\n                // Expect response headers：x-app,Content-Type\n                expect(res.statusCode).to.equal(200);\n                const resBody = JSON.parse(res.body);\n                response = resBody;\n                console.log(resBody)\n                // // token check\n                expect(resBody.code).to.equal(0);\n                expect(resBody.message).to.equal(\"\");\n                expect(resBody.data.noteLists[0].userId).to.equal(testData[\"userId\"]);\n                expect(resBody.data.noteLists[0].note).to.equal(\"automation test for API\");\n                done();\n            });\n    }, 1000);\n} catch (e) {\n    done(e);\n}",
              "err": {},
              "uuid": "88ab2b44-e539-4a47-91be-9a4263fea922",
              "parentUUID": "02411646-a623-4cd7-a98f-7b389a24e0ff",
              "isHook": false,
              "skipped": false
            }
          ],
          "suites": [],
          "passes": [
            "2ea784a9-3014-4e77-9071-d06e86c30f65",
            "5e455ae5-7657-48b6-8aef-b050c21540e5",
            "26e5e294-2bb9-4b34-b35e-5a7d61b40a5a",
            "88ab2b44-e539-4a47-91be-9a4263fea922"
          ],
          "failures": [],
          "pending": [],
          "skipped": [],
          "duration": 4437,
          "root": false,
          "rootEmpty": false,
          "_timeout": 9000000
        }
      ],
      "passes": [],
      "failures": [],
      "pending": [],
      "skipped": [],
      "duration": 0,
      "root": true,
      "rootEmpty": true,
      "_timeout": 2000
    }
  ],
  "meta": {
    "mocha": {
      "version": "10.4.0"
    },
    "mochawesome": {
      "options": {
        "quiet": false,
        "reportFilename": "mochawesome",
        "saveHtml": true,
        "saveJson": true,
        "consoleReporter": "spec",
        "useInlineDiffs": false,
        "code": true
      },
      "version": "7.1.3"
    },
    "marge": {
      "options": null,
      "version": "6.2.0"
    }
  }
}