{
  "stats": {
    "suites": 8,
    "tests": 32,
    "passes": 32,
    "pending": 0,
    "failures": 0,
    "start": "2024-12-12T09:00:23.116Z",
    "end": "2024-12-12T09:01:04.838Z",
    "duration": 41722,
    "testsRegistered": 32,
    "passPercent": 100,
    "pendingPercent": 0,
    "other": 0,
    "hasOther": false,
    "skipped": 0,
    "hasSkipped": false
  },
  "results": [
    {
      "uuid": "8b6247b3-e74a-4a27-a1f8-deed00444ab7",
      "title": "",
      "fullFile": "",
      "file": "",
      "beforeHooks": [],
      "afterHooks": [],
      "tests": [],
      "suites": [
        {
          "uuid": "4b6f960c-517c-4b70-aa1b-5498b0c53ec8",
          "title": "Create → Delete => Success",
          "fullFile": "/Users/yushijia/Documents/project/AutomationForUnibee/02_API/TestCases/Product/01_Product.js",
          "file": "/01_Product.js",
          "beforeHooks": [
            {
              "title": "\"before each\" hook in \"Create → Delete => Success\"",
              "fullTitle": "Create → Delete => Success \"before each\" hook in \"Create → Delete => Success\"",
              "timedOut": false,
              "duration": 0,
              "state": null,
              "speed": null,
              "pass": false,
              "fail": false,
              "pending": false,
              "context": null,
              "code": "response = null;\naddContext(this, {\n    title: 'StartTime',\n    value: {\n        StartTime: timeStamp = new Date()\n    }\n});",
              "err": {},
              "uuid": "5923f445-8e59-4e7a-b3c8-574ac03e14dd",
              "parentUUID": "4b6f960c-517c-4b70-aa1b-5498b0c53ec8",
              "isHook": true,
              "skipped": false
            }
          ],
          "afterHooks": [
            {
              "title": "\"after each\" hook in \"Create → Delete => Success\"",
              "fullTitle": "Create → Delete => Success \"after each\" hook in \"Create → Delete => Success\"",
              "timedOut": false,
              "duration": 0,
              "state": null,
              "speed": null,
              "pass": false,
              "fail": false,
              "pending": false,
              "context": null,
              "code": "if (response) {\n    addContext(this, {\n        title: 'Request',\n        value: {\n            Request: request\n        }\n    });\n    addContext(this, {\n        title: 'Response',\n        value: {\n            Response: response\n        }\n    });\n}\naddContext(this, {\n    title: 'EndTime',\n    value: {\n        EndTime: timeStamp = new Date()\n    }\n});",
              "err": {},
              "uuid": "d4561954-6dea-4def-bf1e-853afe3aec48",
              "parentUUID": "4b6f960c-517c-4b70-aa1b-5498b0c53ec8",
              "isHook": true,
              "skipped": false
            }
          ],
          "tests": [
            {
              "title": "Case 01: create product => Success",
              "fullTitle": "Create → Delete => Success Case 01: create product => Success",
              "timedOut": false,
              "duration": 1266,
              "state": "passed",
              "speed": "slow",
              "pass": true,
              "fail": false,
              "pending": false,
              "context": "[\n  {\n    \"title\": \"StartTime\",\n    \"value\": {\n      \"StartTime\": \"2024-12-12T09:00:23.117Z\"\n    }\n  },\n  {\n    \"title\": \"Request\",\n    \"value\": {\n      \"Request\": {\n        \"URL\": \"https://api.unibee.top/merchant/product/new\",\n        \"Headers\": {\n          \"Authorization\": \"Bearer iioMWSTNd1qOtdAhxExnjWzQLcv976TT\",\n          \"Content-Type\": \"application/json\"\n        }\n      }\n    }\n  },\n  {\n    \"title\": \"Response\",\n    \"value\": {\n      \"Response\": {\n        \"code\": 0,\n        \"message\": \"\",\n        \"data\": {\n          \"product\": {\n            \"id\": 249013,\n            \"merchantId\": 15671,\n            \"productName\": \"auto product\",\n            \"description\": \"product for automation test\",\n            \"imageUrl\": \"string\",\n            \"homeUrl\": \"string\",\n            \"status\": 1,\n            \"isDeleted\": 0,\n            \"createTime\": 1733994024,\n            \"metaData\": \"{\\\"property1\\\":{},\\\"property2\\\":{}}\"\n          }\n        },\n        \"redirect\": \"\",\n        \"requestId\": \"req202412120lzC25JcWqqIRAc\"\n      }\n    }\n  },\n  {\n    \"title\": \"EndTime\",\n    \"value\": {\n      \"EndTime\": \"2024-12-12T09:00:24.385Z\"\n    }\n  }\n]",
              "code": "try {\n    setTimeout(() => {//Wait syncTimeAPI*1000 seconds\n        let tmpTime = new Date().getTime();\n        ApiReq.createProduct(API_Env.get().headerSet,\n            {\n                \"productName\": \"auto product\",\n                \"description\": \"product for automation test\",\n                \"imageUrl\": \"string\",\n                \"homeUrl\": \"string\",\n                \"status\": 0,\n                \"metadata\": {\n                    \"property1\": {},\n                    \"property2\": {}\n                }\n            },(res, url, header) => {\n                request = {\n                    URL: url,\n                    Headers: header,\n                };\n                // response = res.body;\n                // Expect response headers：x-app,Content-Type\n                expect(res.statusCode).to.equal(200);\n                const resBody = JSON.parse(res.body);\n                response = resBody;\n                console.log(resBody)\n                // // token check\n                expect(resBody.code).to.equal(0);\n                expect(resBody.message).to.equal(\"\");\n                testData[\"id\"] = resBody.data[\"product\"].id;\n                expect(resBody.data[\"product\"].merchantId).to.equal(15671);\n                expect(resBody.data[\"product\"].productName).to.equal(\"auto product\");\n                expect(resBody.data[\"product\"].description).to.equal(\"product for automation test\");\n                expect(resBody.data[\"product\"].status).to.equal(1);\n                done();\n            });\n    }, 1000);\n} catch (e) {\n    done(e);\n}",
              "err": {},
              "uuid": "5e880633-d239-4b71-a1b2-d2d3d53249a5",
              "parentUUID": "4b6f960c-517c-4b70-aa1b-5498b0c53ec8",
              "isHook": false,
              "skipped": false
            },
            {
              "title": "Case 02: Delete first product => Success",
              "fullTitle": "Create → Delete => Success Case 02: Delete first product => Success",
              "timedOut": false,
              "duration": 1163,
              "state": "passed",
              "speed": "slow",
              "pass": true,
              "fail": false,
              "pending": false,
              "context": "[\n  {\n    \"title\": \"StartTime\",\n    \"value\": {\n      \"StartTime\": \"2024-12-12T09:00:24.385Z\"\n    }\n  },\n  {\n    \"title\": \"Request\",\n    \"value\": {\n      \"Request\": {\n        \"URL\": \"https://api.unibee.top/merchant/product/delete\",\n        \"Headers\": {\n          \"Authorization\": \"Bearer iioMWSTNd1qOtdAhxExnjWzQLcv976TT\",\n          \"Content-Type\": \"application/json\"\n        }\n      }\n    }\n  },\n  {\n    \"title\": \"Response\",\n    \"value\": {\n      \"Response\": {\n        \"code\": 0,\n        \"message\": \"\",\n        \"data\": {},\n        \"redirect\": \"\",\n        \"requestId\": \"req20241212kvhBqm8sliZj1bb\"\n      }\n    }\n  },\n  {\n    \"title\": \"EndTime\",\n    \"value\": {\n      \"EndTime\": \"2024-12-12T09:00:25.548Z\"\n    }\n  }\n]",
              "code": "try {\n    setTimeout(() => {//Wait syncTimeAPI*1000 seconds\n        let tmpTime = new Date().getTime();\n        ApiReq.deleteProduct(API_Env.get().headerSet,\n            {\n                \"productId\": testData[\"id\"]\n            },(res, url, header) => {\n                request = {\n                    URL: url,\n                    Headers: header,\n                };\n                // response = res.body;\n                // Expect response headers：x-app,Content-Type\n                expect(res.statusCode).to.equal(200);\n                const resBody = JSON.parse(res.body);\n                response = resBody;\n                console.log(resBody)\n                // // token check\n                expect(resBody.code).to.equal(0);\n                expect(resBody.message).to.equal(\"\");\n                done();\n            });\n    }, 1000);\n} catch (e) {\n    done(e);\n}",
              "err": {},
              "uuid": "d514e43d-c7bf-4bb7-8a53-38bc173ddb0b",
              "parentUUID": "4b6f960c-517c-4b70-aa1b-5498b0c53ec8",
              "isHook": false,
              "skipped": false
            }
          ],
          "suites": [],
          "passes": [
            "5e880633-d239-4b71-a1b2-d2d3d53249a5",
            "d514e43d-c7bf-4bb7-8a53-38bc173ddb0b"
          ],
          "failures": [],
          "pending": [],
          "skipped": [],
          "duration": 2429,
          "root": false,
          "rootEmpty": false,
          "_timeout": 9000000
        },
        {
          "uuid": "ad1d988d-50fd-4804-9cac-9ddc824fe7cc",
          "title": "Create → Edit → Delete => Success",
          "fullFile": "/Users/yushijia/Documents/project/AutomationForUnibee/02_API/TestCases/Product/01_Product.js",
          "file": "/01_Product.js",
          "beforeHooks": [
            {
              "title": "\"before each\" hook in \"Create → Edit → Delete => Success\"",
              "fullTitle": "Create → Edit → Delete => Success \"before each\" hook in \"Create → Edit → Delete => Success\"",
              "timedOut": false,
              "duration": 0,
              "state": null,
              "speed": null,
              "pass": false,
              "fail": false,
              "pending": false,
              "context": null,
              "code": "response = null;\naddContext(this, {\n    title: 'StartTime',\n    value: {\n        StartTime: timeStamp = new Date()\n    }\n});",
              "err": {},
              "uuid": "d194516b-9457-491c-9a53-2bbb7869a839",
              "parentUUID": "ad1d988d-50fd-4804-9cac-9ddc824fe7cc",
              "isHook": true,
              "skipped": false
            }
          ],
          "afterHooks": [
            {
              "title": "\"after each\" hook in \"Create → Edit → Delete => Success\"",
              "fullTitle": "Create → Edit → Delete => Success \"after each\" hook in \"Create → Edit → Delete => Success\"",
              "timedOut": false,
              "duration": 0,
              "state": null,
              "speed": null,
              "pass": false,
              "fail": false,
              "pending": false,
              "context": null,
              "code": "if (response) {\n    addContext(this, {\n        title: 'Request',\n        value: {\n            Request: request\n        }\n    });\n    addContext(this, {\n        title: 'Response',\n        value: {\n            Response: response\n        }\n    });\n}\naddContext(this, {\n    title: 'EndTime',\n    value: {\n        EndTime: timeStamp = new Date()\n    }\n});",
              "err": {},
              "uuid": "da843ec9-c910-44e3-9117-b76e417d1d2d",
              "parentUUID": "ad1d988d-50fd-4804-9cac-9ddc824fe7cc",
              "isHook": true,
              "skipped": false
            }
          ],
          "tests": [
            {
              "title": "Case 01: create product => Success",
              "fullTitle": "Create → Edit → Delete => Success Case 01: create product => Success",
              "timedOut": false,
              "duration": 1552,
              "state": "passed",
              "speed": "slow",
              "pass": true,
              "fail": false,
              "pending": false,
              "context": "[\n  {\n    \"title\": \"StartTime\",\n    \"value\": {\n      \"StartTime\": \"2024-12-12T09:00:25.548Z\"\n    }\n  },\n  {\n    \"title\": \"Request\",\n    \"value\": {\n      \"Request\": {\n        \"URL\": \"https://api.unibee.top/merchant/product/new\",\n        \"Headers\": {\n          \"Authorization\": \"Bearer iioMWSTNd1qOtdAhxExnjWzQLcv976TT\",\n          \"Content-Type\": \"application/json\"\n        }\n      }\n    }\n  },\n  {\n    \"title\": \"Response\",\n    \"value\": {\n      \"Response\": {\n        \"code\": 0,\n        \"message\": \"\",\n        \"data\": {\n          \"product\": {\n            \"id\": 249014,\n            \"merchantId\": 15671,\n            \"productName\": \"auto product\",\n            \"description\": \"product for automation test\",\n            \"imageUrl\": \"string\",\n            \"homeUrl\": \"string\",\n            \"status\": 1,\n            \"isDeleted\": 0,\n            \"createTime\": 1733994026,\n            \"metaData\": \"{\\\"property1\\\":{},\\\"property2\\\":{}}\"\n          }\n        },\n        \"redirect\": \"\",\n        \"requestId\": \"req202412123s6Ltgx2oR72hel\"\n      }\n    }\n  },\n  {\n    \"title\": \"EndTime\",\n    \"value\": {\n      \"EndTime\": \"2024-12-12T09:00:27.101Z\"\n    }\n  }\n]",
              "code": "try {\n    setTimeout(() => {//Wait syncTimeAPI*1000 seconds\n        let tmpTime = new Date().getTime();\n        ApiReq.createProduct(API_Env.get().headerSet,\n            {\n                \"productName\": \"auto product\",\n                \"description\": \"product for automation test\",\n                \"imageUrl\": \"string\",\n                \"homeUrl\": \"string\",\n                \"status\": 0,\n                \"metadata\": {\n                    \"property1\": {},\n                    \"property2\": {}\n                }\n            },(res, url, header) => {\n                request = {\n                    URL: url,\n                    Headers: header,\n                };\n                // response = res.body;\n                // Expect response headers：x-app,Content-Type\n                expect(res.statusCode).to.equal(200);\n                const resBody = JSON.parse(res.body);\n                response = resBody;\n                console.log(resBody)\n                // // token check\n                expect(resBody.code).to.equal(0);\n                expect(resBody.message).to.equal(\"\");\n                testData[\"id\"] = resBody.data[\"product\"].id;\n                expect(resBody.data[\"product\"].merchantId).to.equal(15671);\n                expect(resBody.data[\"product\"].productName).to.equal(\"auto product\");\n                expect(resBody.data[\"product\"].description).to.equal(\"product for automation test\");\n                expect(resBody.data[\"product\"].status).to.equal(1);\n                done();\n            });\n    }, 1000);\n} catch (e) {\n    done(e);\n}",
              "err": {},
              "uuid": "68dbf069-9d49-41e5-aae2-9837813c94bc",
              "parentUUID": "ad1d988d-50fd-4804-9cac-9ddc824fe7cc",
              "isHook": false,
              "skipped": false
            },
            {
              "title": "Case 02: Edit product => Success",
              "fullTitle": "Create → Edit → Delete => Success Case 02: Edit product => Success",
              "timedOut": false,
              "duration": 1322,
              "state": "passed",
              "speed": "slow",
              "pass": true,
              "fail": false,
              "pending": false,
              "context": "[\n  {\n    \"title\": \"StartTime\",\n    \"value\": {\n      \"StartTime\": \"2024-12-12T09:00:27.102Z\"\n    }\n  },\n  {\n    \"title\": \"Request\",\n    \"value\": {\n      \"Request\": {\n        \"URL\": \"https://api.unibee.top/merchant/product/edit\",\n        \"Headers\": {\n          \"Authorization\": \"Bearer iioMWSTNd1qOtdAhxExnjWzQLcv976TT\",\n          \"Content-Type\": \"application/json\"\n        }\n      }\n    }\n  },\n  {\n    \"title\": \"Response\",\n    \"value\": {\n      \"Response\": {\n        \"code\": 0,\n        \"message\": \"\",\n        \"data\": {\n          \"product\": {\n            \"id\": 249014,\n            \"merchantId\": 15671,\n            \"productName\": \"auto product update\",\n            \"description\": \"product for automation test update\",\n            \"imageUrl\": \"string\",\n            \"homeUrl\": \"string\",\n            \"status\": 1,\n            \"isDeleted\": 0,\n            \"createTime\": 1733994026,\n            \"metaData\": \"{\\\"property1\\\":{},\\\"property2\\\":{}}\"\n          }\n        },\n        \"redirect\": \"\",\n        \"requestId\": \"req20241212Qi1A0JpdoMzALn2\"\n      }\n    }\n  },\n  {\n    \"title\": \"EndTime\",\n    \"value\": {\n      \"EndTime\": \"2024-12-12T09:00:28.424Z\"\n    }\n  }\n]",
              "code": "try {\n    setTimeout(() => {//Wait syncTimeAPI*1000 seconds\n        let tmpTime = new Date().getTime();\n        ApiReq.editProduct(API_Env.get().headerSet,\n            {\n                \"productId\": testData[\"id\"],\n                \"productName\": \"auto product update\",\n                \"description\": \"product for automation test update\",\n                \"imageUrl\": \"string\",\n                \"homeUrl\": \"string\",\n                \"status\": 1,\n                \"metadata\": {\n                    \"property1\": {},\n                    \"property2\": {}\n                }\n            },(res, url, header) => {\n                request = {\n                    URL: url,\n                    Headers: header,\n                };\n                // response = res.body;\n                // Expect response headers：x-app,Content-Type\n                expect(res.statusCode).to.equal(200);\n                const resBody = JSON.parse(res.body);\n                response = resBody;\n                console.log(resBody)\n                // // token check\n                expect(resBody.code).to.equal(0);\n                expect(resBody.message).to.equal(\"\");\n                expect(resBody.data[\"product\"].merchantId).to.equal(15671);\n                expect(resBody.data[\"product\"].productName).to.equal(\"auto product update\");\n                expect(resBody.data[\"product\"].description).to.equal(\"product for automation test update\");\n                expect(resBody.data[\"product\"].status).to.equal(1);\n                done();\n            });\n    }, 1000);\n} catch (e) {\n    done(e);\n}",
              "err": {},
              "uuid": "fd58e607-9921-4b32-a554-0fbe234c6d7a",
              "parentUUID": "ad1d988d-50fd-4804-9cac-9ddc824fe7cc",
              "isHook": false,
              "skipped": false
            },
            {
              "title": "Case 03: Delete first product => Success",
              "fullTitle": "Create → Edit → Delete => Success Case 03: Delete first product => Success",
              "timedOut": false,
              "duration": 1094,
              "state": "passed",
              "speed": "slow",
              "pass": true,
              "fail": false,
              "pending": false,
              "context": "[\n  {\n    \"title\": \"StartTime\",\n    \"value\": {\n      \"StartTime\": \"2024-12-12T09:00:28.425Z\"\n    }\n  },\n  {\n    \"title\": \"Request\",\n    \"value\": {\n      \"Request\": {\n        \"URL\": \"https://api.unibee.top/merchant/product/delete\",\n        \"Headers\": {\n          \"Authorization\": \"Bearer iioMWSTNd1qOtdAhxExnjWzQLcv976TT\",\n          \"Content-Type\": \"application/json\"\n        }\n      }\n    }\n  },\n  {\n    \"title\": \"Response\",\n    \"value\": {\n      \"Response\": {\n        \"code\": 0,\n        \"message\": \"\",\n        \"data\": {},\n        \"redirect\": \"\",\n        \"requestId\": \"req20241212bhSuwICKeB2yTu3\"\n      }\n    }\n  },\n  {\n    \"title\": \"EndTime\",\n    \"value\": {\n      \"EndTime\": \"2024-12-12T09:00:29.520Z\"\n    }\n  }\n]",
              "code": "try {\n    setTimeout(() => {//Wait syncTimeAPI*1000 seconds\n        let tmpTime = new Date().getTime();\n        ApiReq.deleteProduct(API_Env.get().headerSet,\n            {\n                \"productId\": testData[\"id\"]\n            },(res, url, header) => {\n                request = {\n                    URL: url,\n                    Headers: header,\n                };\n                // response = res.body;\n                // Expect response headers：x-app,Content-Type\n                expect(res.statusCode).to.equal(200);\n                const resBody = JSON.parse(res.body);\n                response = resBody;\n                console.log(resBody)\n                // // token check\n                expect(resBody.code).to.equal(0);\n                expect(resBody.message).to.equal(\"\");\n                done();\n            });\n    }, 1000);\n} catch (e) {\n    done(e);\n}",
              "err": {},
              "uuid": "2f27f26e-46fa-4d19-9d13-6f60e5fb169f",
              "parentUUID": "ad1d988d-50fd-4804-9cac-9ddc824fe7cc",
              "isHook": false,
              "skipped": false
            }
          ],
          "suites": [],
          "passes": [
            "68dbf069-9d49-41e5-aae2-9837813c94bc",
            "fd58e607-9921-4b32-a554-0fbe234c6d7a",
            "2f27f26e-46fa-4d19-9d13-6f60e5fb169f"
          ],
          "failures": [],
          "pending": [],
          "skipped": [],
          "duration": 3968,
          "root": false,
          "rootEmpty": false,
          "_timeout": 9000000
        },
        {
          "uuid": "1f53ebbf-4088-4bb9-aec6-2a5b5970ed67",
          "title": "Create → Copy → Delete => Success",
          "fullFile": "/Users/yushijia/Documents/project/AutomationForUnibee/02_API/TestCases/Product/01_Product.js",
          "file": "/01_Product.js",
          "beforeHooks": [
            {
              "title": "\"before each\" hook in \"Create → Copy → Delete => Success\"",
              "fullTitle": "Create → Copy → Delete => Success \"before each\" hook in \"Create → Copy → Delete => Success\"",
              "timedOut": false,
              "duration": 0,
              "state": null,
              "speed": null,
              "pass": false,
              "fail": false,
              "pending": false,
              "context": null,
              "code": "response = null;\naddContext(this, {\n    title: 'StartTime',\n    value: {\n        StartTime: timeStamp = new Date()\n    }\n});",
              "err": {},
              "uuid": "7d4dbd74-a9c5-4c4a-8455-61bc8e8b2553",
              "parentUUID": "1f53ebbf-4088-4bb9-aec6-2a5b5970ed67",
              "isHook": true,
              "skipped": false
            }
          ],
          "afterHooks": [
            {
              "title": "\"after each\" hook in \"Create → Copy → Delete => Success\"",
              "fullTitle": "Create → Copy → Delete => Success \"after each\" hook in \"Create → Copy → Delete => Success\"",
              "timedOut": false,
              "duration": 0,
              "state": null,
              "speed": null,
              "pass": false,
              "fail": false,
              "pending": false,
              "context": null,
              "code": "if (response) {\n    addContext(this, {\n        title: 'Request',\n        value: {\n            Request: request\n        }\n    });\n    addContext(this, {\n        title: 'Response',\n        value: {\n            Response: response\n        }\n    });\n}\naddContext(this, {\n    title: 'EndTime',\n    value: {\n        EndTime: timeStamp = new Date()\n    }\n});",
              "err": {},
              "uuid": "21b0c823-a1fa-4291-880b-b0bd9a526524",
              "parentUUID": "1f53ebbf-4088-4bb9-aec6-2a5b5970ed67",
              "isHook": true,
              "skipped": false
            }
          ],
          "tests": [
            {
              "title": "Case 01: create product => Success",
              "fullTitle": "Create → Copy → Delete => Success Case 01: create product => Success",
              "timedOut": false,
              "duration": 1096,
              "state": "passed",
              "speed": "slow",
              "pass": true,
              "fail": false,
              "pending": false,
              "context": "[\n  {\n    \"title\": \"StartTime\",\n    \"value\": {\n      \"StartTime\": \"2024-12-12T09:00:29.521Z\"\n    }\n  },\n  {\n    \"title\": \"Request\",\n    \"value\": {\n      \"Request\": {\n        \"URL\": \"https://api.unibee.top/merchant/product/new\",\n        \"Headers\": {\n          \"Authorization\": \"Bearer iioMWSTNd1qOtdAhxExnjWzQLcv976TT\",\n          \"Content-Type\": \"application/json\"\n        }\n      }\n    }\n  },\n  {\n    \"title\": \"Response\",\n    \"value\": {\n      \"Response\": {\n        \"code\": 0,\n        \"message\": \"\",\n        \"data\": {\n          \"product\": {\n            \"id\": 249015,\n            \"merchantId\": 15671,\n            \"productName\": \"auto product\",\n            \"description\": \"product for automation test\",\n            \"imageUrl\": \"string\",\n            \"homeUrl\": \"string\",\n            \"status\": 1,\n            \"isDeleted\": 0,\n            \"createTime\": 1733994030,\n            \"metaData\": \"{\\\"property1\\\":{},\\\"property2\\\":{}}\"\n          }\n        },\n        \"redirect\": \"\",\n        \"requestId\": \"req20241212m6bX8n1K6YIe70U\"\n      }\n    }\n  },\n  {\n    \"title\": \"EndTime\",\n    \"value\": {\n      \"EndTime\": \"2024-12-12T09:00:30.618Z\"\n    }\n  }\n]",
              "code": "try {\n    setTimeout(() => {//Wait syncTimeAPI*1000 seconds\n        let tmpTime = new Date().getTime();\n        ApiReq.createProduct(API_Env.get().headerSet,\n            {\n                \"productName\": \"auto product\",\n                \"description\": \"product for automation test\",\n                \"imageUrl\": \"string\",\n                \"homeUrl\": \"string\",\n                \"status\": 0,\n                \"metadata\": {\n                    \"property1\": {},\n                    \"property2\": {}\n                }\n            },(res, url, header) => {\n                request = {\n                    URL: url,\n                    Headers: header,\n                };\n                // response = res.body;\n                // Expect response headers：x-app,Content-Type\n                expect(res.statusCode).to.equal(200);\n                const resBody = JSON.parse(res.body);\n                response = resBody;\n                console.log(resBody)\n                // // token check\n                expect(resBody.code).to.equal(0);\n                expect(resBody.message).to.equal(\"\");\n                testData[\"id\"] = resBody.data[\"product\"].id;\n                expect(resBody.data[\"product\"].merchantId).to.equal(15671);\n                expect(resBody.data[\"product\"].productName).to.equal(\"auto product\");\n                expect(resBody.data[\"product\"].description).to.equal(\"product for automation test\");\n                expect(resBody.data[\"product\"].status).to.equal(1);\n                done();\n            });\n    }, 1000);\n} catch (e) {\n    done(e);\n}",
              "err": {},
              "uuid": "777536e4-8ec7-4a2e-a56d-6d11b929c691",
              "parentUUID": "1f53ebbf-4088-4bb9-aec6-2a5b5970ed67",
              "isHook": false,
              "skipped": false
            },
            {
              "title": "Case 02: Copy product => Success",
              "fullTitle": "Create → Copy → Delete => Success Case 02: Copy product => Success",
              "timedOut": false,
              "duration": 1798,
              "state": "passed",
              "speed": "slow",
              "pass": true,
              "fail": false,
              "pending": false,
              "context": "[\n  {\n    \"title\": \"StartTime\",\n    \"value\": {\n      \"StartTime\": \"2024-12-12T09:00:30.618Z\"\n    }\n  },\n  {\n    \"title\": \"Request\",\n    \"value\": {\n      \"Request\": {\n        \"URL\": \"https://api.unibee.top/merchant/product/copy\",\n        \"Headers\": {\n          \"Authorization\": \"Bearer iioMWSTNd1qOtdAhxExnjWzQLcv976TT\",\n          \"Content-Type\": \"application/json\"\n        }\n      }\n    }\n  },\n  {\n    \"title\": \"Response\",\n    \"value\": {\n      \"Response\": {\n        \"code\": 0,\n        \"message\": \"\",\n        \"data\": {\n          \"product\": {\n            \"id\": 249016,\n            \"merchantId\": 15671,\n            \"productName\": \"auto product(Copy)\",\n            \"description\": \"product for automation test\",\n            \"imageUrl\": \"string\",\n            \"homeUrl\": \"string\",\n            \"status\": 1,\n            \"isDeleted\": 0,\n            \"createTime\": 1733994031,\n            \"metaData\": \"{\\\"property1\\\":{},\\\"property2\\\":{}}\"\n          }\n        },\n        \"redirect\": \"\",\n        \"requestId\": \"req202412121fq2opmcmQRIrOl\"\n      }\n    }\n  },\n  {\n    \"title\": \"EndTime\",\n    \"value\": {\n      \"EndTime\": \"2024-12-12T09:00:32.416Z\"\n    }\n  }\n]",
              "code": "try {\n    setTimeout(() => {//Wait syncTimeAPI*1000 seconds\n        let tmpTime = new Date().getTime();\n        ApiReq.copyProduct(API_Env.get().headerSet,\n            {\n                \"productId\": testData[\"id\"]\n            },(res, url, header) => {\n                request = {\n                    URL: url,\n                    Headers: header,\n                };\n                // response = res.body;\n                // Expect response headers：x-app,Content-Type\n                expect(res.statusCode).to.equal(200);\n                const resBody = JSON.parse(res.body);\n                response = resBody;\n                console.log(resBody)\n                // // token check\n                expect(resBody.code).to.equal(0);\n                expect(resBody.message).to.equal(\"\");\n                testData[\"copyId\"] = resBody.data[\"product\"].id;\n                expect(resBody.data[\"product\"].merchantId).to.equal(15671);\n                expect(resBody.data[\"product\"].productName).to.equal(\"auto product(Copy)\");\n                expect(resBody.data[\"product\"].description).to.equal(\"product for automation test\");\n                expect(resBody.data[\"product\"].status).to.equal(1);\n                done();\n            });\n    }, 1000);\n} catch (e) {\n    done(e);\n}",
              "err": {},
              "uuid": "0d0299cd-decb-4719-a910-82caad4f8c3b",
              "parentUUID": "1f53ebbf-4088-4bb9-aec6-2a5b5970ed67",
              "isHook": false,
              "skipped": false
            },
            {
              "title": "Case 03: Delete first product => Success",
              "fullTitle": "Create → Copy → Delete => Success Case 03: Delete first product => Success",
              "timedOut": false,
              "duration": 1079,
              "state": "passed",
              "speed": "slow",
              "pass": true,
              "fail": false,
              "pending": false,
              "context": "[\n  {\n    \"title\": \"StartTime\",\n    \"value\": {\n      \"StartTime\": \"2024-12-12T09:00:32.416Z\"\n    }\n  },\n  {\n    \"title\": \"Request\",\n    \"value\": {\n      \"Request\": {\n        \"URL\": \"https://api.unibee.top/merchant/product/delete\",\n        \"Headers\": {\n          \"Authorization\": \"Bearer iioMWSTNd1qOtdAhxExnjWzQLcv976TT\",\n          \"Content-Type\": \"application/json\"\n        }\n      }\n    }\n  },\n  {\n    \"title\": \"Response\",\n    \"value\": {\n      \"Response\": {\n        \"code\": 0,\n        \"message\": \"\",\n        \"data\": {},\n        \"redirect\": \"\",\n        \"requestId\": \"req20241212Mz2qZAXCXa7vMtn\"\n      }\n    }\n  },\n  {\n    \"title\": \"EndTime\",\n    \"value\": {\n      \"EndTime\": \"2024-12-12T09:00:33.495Z\"\n    }\n  }\n]",
              "code": "try {\n    setTimeout(() => {//Wait syncTimeAPI*1000 seconds\n        let tmpTime = new Date().getTime();\n        ApiReq.deleteProduct(API_Env.get().headerSet,\n            {\n                \"productId\": testData[\"id\"]\n            },(res, url, header) => {\n                request = {\n                    URL: url,\n                    Headers: header,\n                };\n                // response = res.body;\n                // Expect response headers：x-app,Content-Type\n                expect(res.statusCode).to.equal(200);\n                const resBody = JSON.parse(res.body);\n                response = resBody;\n                console.log(resBody)\n                // // token check\n                expect(resBody.code).to.equal(0);\n                expect(resBody.message).to.equal(\"\");\n                done();\n            });\n    }, 1000);\n} catch (e) {\n    done(e);\n}",
              "err": {},
              "uuid": "ad6b2bb3-8652-4f71-821e-1c7faefed0b1",
              "parentUUID": "1f53ebbf-4088-4bb9-aec6-2a5b5970ed67",
              "isHook": false,
              "skipped": false
            },
            {
              "title": "Case 04: Delete second product => Success",
              "fullTitle": "Create → Copy → Delete => Success Case 04: Delete second product => Success",
              "timedOut": false,
              "duration": 1085,
              "state": "passed",
              "speed": "slow",
              "pass": true,
              "fail": false,
              "pending": false,
              "context": "[\n  {\n    \"title\": \"StartTime\",\n    \"value\": {\n      \"StartTime\": \"2024-12-12T09:00:33.495Z\"\n    }\n  },\n  {\n    \"title\": \"Request\",\n    \"value\": {\n      \"Request\": {\n        \"URL\": \"https://api.unibee.top/merchant/product/delete\",\n        \"Headers\": {\n          \"Authorization\": \"Bearer iioMWSTNd1qOtdAhxExnjWzQLcv976TT\",\n          \"Content-Type\": \"application/json\"\n        }\n      }\n    }\n  },\n  {\n    \"title\": \"Response\",\n    \"value\": {\n      \"Response\": {\n        \"code\": 0,\n        \"message\": \"\",\n        \"data\": {},\n        \"redirect\": \"\",\n        \"requestId\": \"req20241212MY9WPC4YODLXz4P\"\n      }\n    }\n  },\n  {\n    \"title\": \"EndTime\",\n    \"value\": {\n      \"EndTime\": \"2024-12-12T09:00:34.581Z\"\n    }\n  }\n]",
              "code": "try {\n    setTimeout(() => {//Wait syncTimeAPI*1000 seconds\n        let tmpTime = new Date().getTime();\n        ApiReq.deleteProduct(API_Env.get().headerSet,\n            {\n                \"productId\": testData[\"copyId\"]\n            },(res, url, header) => {\n                request = {\n                    URL: url,\n                    Headers: header,\n                };\n                // response = res.body;\n                // Expect response headers：x-app,Content-Type\n                expect(res.statusCode).to.equal(200);\n                const resBody = JSON.parse(res.body);\n                response = resBody;\n                console.log(resBody)\n                // // token check\n                expect(resBody.code).to.equal(0);\n                expect(resBody.message).to.equal(\"\");\n                done();\n            });\n    }, 1000);\n} catch (e) {\n    done(e);\n}",
              "err": {},
              "uuid": "0e9982d9-0eac-4741-8ea6-2652775eb1d5",
              "parentUUID": "1f53ebbf-4088-4bb9-aec6-2a5b5970ed67",
              "isHook": false,
              "skipped": false
            }
          ],
          "suites": [],
          "passes": [
            "777536e4-8ec7-4a2e-a56d-6d11b929c691",
            "0d0299cd-decb-4719-a910-82caad4f8c3b",
            "ad6b2bb3-8652-4f71-821e-1c7faefed0b1",
            "0e9982d9-0eac-4741-8ea6-2652775eb1d5"
          ],
          "failures": [],
          "pending": [],
          "skipped": [],
          "duration": 5058,
          "root": false,
          "rootEmpty": false,
          "_timeout": 9000000
        },
        {
          "uuid": "9fe137ef-5f9a-49ec-92a3-e20f7c0a6568",
          "title": "Create → Edit → Copy →Delete => Success",
          "fullFile": "/Users/yushijia/Documents/project/AutomationForUnibee/02_API/TestCases/Product/01_Product.js",
          "file": "/01_Product.js",
          "beforeHooks": [
            {
              "title": "\"before each\" hook in \"Create → Edit → Copy →Delete => Success\"",
              "fullTitle": "Create → Edit → Copy →Delete => Success \"before each\" hook in \"Create → Edit → Copy →Delete => Success\"",
              "timedOut": false,
              "duration": 0,
              "state": null,
              "speed": null,
              "pass": false,
              "fail": false,
              "pending": false,
              "context": null,
              "code": "response = null;\naddContext(this, {\n    title: 'StartTime',\n    value: {\n        StartTime: timeStamp = new Date()\n    }\n});",
              "err": {},
              "uuid": "b649195c-bf46-4a19-86af-579ae7aa5d62",
              "parentUUID": "9fe137ef-5f9a-49ec-92a3-e20f7c0a6568",
              "isHook": true,
              "skipped": false
            }
          ],
          "afterHooks": [
            {
              "title": "\"after each\" hook in \"Create → Edit → Copy →Delete => Success\"",
              "fullTitle": "Create → Edit → Copy →Delete => Success \"after each\" hook in \"Create → Edit → Copy →Delete => Success\"",
              "timedOut": false,
              "duration": 0,
              "state": null,
              "speed": null,
              "pass": false,
              "fail": false,
              "pending": false,
              "context": null,
              "code": "if (response) {\n    addContext(this, {\n        title: 'Request',\n        value: {\n            Request: request\n        }\n    });\n    addContext(this, {\n        title: 'Response',\n        value: {\n            Response: response\n        }\n    });\n}\naddContext(this, {\n    title: 'EndTime',\n    value: {\n        EndTime: timeStamp = new Date()\n    }\n});",
              "err": {},
              "uuid": "b44530a6-b9a8-432a-bdf2-9cf6352f8085",
              "parentUUID": "9fe137ef-5f9a-49ec-92a3-e20f7c0a6568",
              "isHook": true,
              "skipped": false
            }
          ],
          "tests": [
            {
              "title": "Case 01: create product => Success",
              "fullTitle": "Create → Edit → Copy →Delete => Success Case 01: create product => Success",
              "timedOut": false,
              "duration": 1631,
              "state": "passed",
              "speed": "slow",
              "pass": true,
              "fail": false,
              "pending": false,
              "context": "[\n  {\n    \"title\": \"StartTime\",\n    \"value\": {\n      \"StartTime\": \"2024-12-12T09:00:34.583Z\"\n    }\n  },\n  {\n    \"title\": \"Request\",\n    \"value\": {\n      \"Request\": {\n        \"URL\": \"https://api.unibee.top/merchant/product/new\",\n        \"Headers\": {\n          \"Authorization\": \"Bearer iioMWSTNd1qOtdAhxExnjWzQLcv976TT\",\n          \"Content-Type\": \"application/json\"\n        }\n      }\n    }\n  },\n  {\n    \"title\": \"Response\",\n    \"value\": {\n      \"Response\": {\n        \"code\": 0,\n        \"message\": \"\",\n        \"data\": {\n          \"product\": {\n            \"id\": 249017,\n            \"merchantId\": 15671,\n            \"productName\": \"auto product\",\n            \"description\": \"product for automation test\",\n            \"imageUrl\": \"string\",\n            \"homeUrl\": \"string\",\n            \"status\": 1,\n            \"isDeleted\": 0,\n            \"createTime\": 1733994035,\n            \"metaData\": \"{\\\"property1\\\":{},\\\"property2\\\":{}}\"\n          }\n        },\n        \"redirect\": \"\",\n        \"requestId\": \"req20241212POPC8Br41k170E8\"\n      }\n    }\n  },\n  {\n    \"title\": \"EndTime\",\n    \"value\": {\n      \"EndTime\": \"2024-12-12T09:00:36.215Z\"\n    }\n  }\n]",
              "code": "try {\n    setTimeout(() => {//Wait syncTimeAPI*1000 seconds\n        let tmpTime = new Date().getTime();\n        ApiReq.createProduct(API_Env.get().headerSet,\n            {\n                \"productName\": \"auto product\",\n                \"description\": \"product for automation test\",\n                \"imageUrl\": \"string\",\n                \"homeUrl\": \"string\",\n                \"status\": 0,\n                \"metadata\": {\n                    \"property1\": {},\n                    \"property2\": {}\n                }\n            },(res, url, header) => {\n                request = {\n                    URL: url,\n                    Headers: header,\n                };\n                // response = res.body;\n                // Expect response headers：x-app,Content-Type\n                expect(res.statusCode).to.equal(200);\n                const resBody = JSON.parse(res.body);\n                response = resBody;\n                console.log(resBody)\n                // // token check\n                expect(resBody.code).to.equal(0);\n                expect(resBody.message).to.equal(\"\");\n                testData[\"id\"] = resBody.data[\"product\"].id;\n                expect(resBody.data[\"product\"].merchantId).to.equal(15671);\n                expect(resBody.data[\"product\"].productName).to.equal(\"auto product\");\n                expect(resBody.data[\"product\"].description).to.equal(\"product for automation test\");\n                expect(resBody.data[\"product\"].status).to.equal(1);\n                done();\n            });\n    }, 1000);\n} catch (e) {\n    done(e);\n}",
              "err": {},
              "uuid": "e62e8724-cfdd-4ecd-b845-cb21fd2cd567",
              "parentUUID": "9fe137ef-5f9a-49ec-92a3-e20f7c0a6568",
              "isHook": false,
              "skipped": false
            },
            {
              "title": "Case 02: Edit product => Success",
              "fullTitle": "Create → Edit → Copy →Delete => Success Case 02: Edit product => Success",
              "timedOut": false,
              "duration": 1092,
              "state": "passed",
              "speed": "slow",
              "pass": true,
              "fail": false,
              "pending": false,
              "context": "[\n  {\n    \"title\": \"StartTime\",\n    \"value\": {\n      \"StartTime\": \"2024-12-12T09:00:36.215Z\"\n    }\n  },\n  {\n    \"title\": \"Request\",\n    \"value\": {\n      \"Request\": {\n        \"URL\": \"https://api.unibee.top/merchant/product/edit\",\n        \"Headers\": {\n          \"Authorization\": \"Bearer iioMWSTNd1qOtdAhxExnjWzQLcv976TT\",\n          \"Content-Type\": \"application/json\"\n        }\n      }\n    }\n  },\n  {\n    \"title\": \"Response\",\n    \"value\": {\n      \"Response\": {\n        \"code\": 0,\n        \"message\": \"\",\n        \"data\": {\n          \"product\": {\n            \"id\": 249017,\n            \"merchantId\": 15671,\n            \"productName\": \"auto product update\",\n            \"description\": \"product for automation test update\",\n            \"imageUrl\": \"string\",\n            \"homeUrl\": \"string\",\n            \"status\": 1,\n            \"isDeleted\": 0,\n            \"createTime\": 1733994035,\n            \"metaData\": \"{\\\"property1\\\":{},\\\"property2\\\":{}}\"\n          }\n        },\n        \"redirect\": \"\",\n        \"requestId\": \"req20241212MvGN4rPiAKSvaq9\"\n      }\n    }\n  },\n  {\n    \"title\": \"EndTime\",\n    \"value\": {\n      \"EndTime\": \"2024-12-12T09:00:37.308Z\"\n    }\n  }\n]",
              "code": "try {\n    setTimeout(() => {//Wait syncTimeAPI*1000 seconds\n        let tmpTime = new Date().getTime();\n        ApiReq.editProduct(API_Env.get().headerSet,\n            {\n                \"productId\": testData[\"id\"],\n                \"productName\": \"auto product update\",\n                \"description\": \"product for automation test update\",\n                \"imageUrl\": \"string\",\n                \"homeUrl\": \"string\",\n                \"status\": 1,\n                \"metadata\": {\n                    \"property1\": {},\n                    \"property2\": {}\n                }\n            },(res, url, header) => {\n                request = {\n                    URL: url,\n                    Headers: header,\n                };\n                // response = res.body;\n                // Expect response headers：x-app,Content-Type\n                expect(res.statusCode).to.equal(200);\n                const resBody = JSON.parse(res.body);\n                response = resBody;\n                console.log(resBody)\n                // // token check\n                expect(resBody.code).to.equal(0);\n                expect(resBody.message).to.equal(\"\");\n                expect(resBody.data[\"product\"].merchantId).to.equal(15671);\n                expect(resBody.data[\"product\"].productName).to.equal(\"auto product update\");\n                expect(resBody.data[\"product\"].description).to.equal(\"product for automation test update\");\n                expect(resBody.data[\"product\"].status).to.equal(1);\n                done();\n            });\n    }, 1000);\n} catch (e) {\n    done(e);\n}",
              "err": {},
              "uuid": "978d4467-a83e-4eea-bce2-adfd665ba6a1",
              "parentUUID": "9fe137ef-5f9a-49ec-92a3-e20f7c0a6568",
              "isHook": false,
              "skipped": false
            },
            {
              "title": "Case 03: Copy product => Success",
              "fullTitle": "Create → Edit → Copy →Delete => Success Case 03: Copy product => Success",
              "timedOut": false,
              "duration": 1077,
              "state": "passed",
              "speed": "slow",
              "pass": true,
              "fail": false,
              "pending": false,
              "context": "[\n  {\n    \"title\": \"StartTime\",\n    \"value\": {\n      \"StartTime\": \"2024-12-12T09:00:37.309Z\"\n    }\n  },\n  {\n    \"title\": \"Request\",\n    \"value\": {\n      \"Request\": {\n        \"URL\": \"https://api.unibee.top/merchant/product/copy\",\n        \"Headers\": {\n          \"Authorization\": \"Bearer iioMWSTNd1qOtdAhxExnjWzQLcv976TT\",\n          \"Content-Type\": \"application/json\"\n        }\n      }\n    }\n  },\n  {\n    \"title\": \"Response\",\n    \"value\": {\n      \"Response\": {\n        \"code\": 0,\n        \"message\": \"\",\n        \"data\": {\n          \"product\": {\n            \"id\": 249018,\n            \"merchantId\": 15671,\n            \"productName\": \"auto product update(Copy)\",\n            \"description\": \"product for automation test update\",\n            \"imageUrl\": \"string\",\n            \"homeUrl\": \"string\",\n            \"status\": 1,\n            \"isDeleted\": 0,\n            \"createTime\": 1733994038,\n            \"metaData\": \"{\\\"property1\\\":{},\\\"property2\\\":{}}\"\n          }\n        },\n        \"redirect\": \"\",\n        \"requestId\": \"req20241212FvlFLutkDlCKujq\"\n      }\n    }\n  },\n  {\n    \"title\": \"EndTime\",\n    \"value\": {\n      \"EndTime\": \"2024-12-12T09:00:38.387Z\"\n    }\n  }\n]",
              "code": "try {\n    setTimeout(() => {//Wait syncTimeAPI*1000 seconds\n        let tmpTime = new Date().getTime();\n        ApiReq.copyProduct(API_Env.get().headerSet,\n            {\n                \"productId\": testData[\"id\"]\n            },(res, url, header) => {\n                request = {\n                    URL: url,\n                    Headers: header,\n                };\n                // response = res.body;\n                // Expect response headers：x-app,Content-Type\n                expect(res.statusCode).to.equal(200);\n                const resBody = JSON.parse(res.body);\n                response = resBody;\n                console.log(resBody)\n                // // token check\n                expect(resBody.code).to.equal(0);\n                expect(resBody.message).to.equal(\"\");\n                testData[\"copyId\"] = resBody.data[\"product\"].id;\n                expect(resBody.data[\"product\"].merchantId).to.equal(15671);\n                expect(resBody.data[\"product\"].productName).to.equal(\"auto product update(Copy)\");\n                expect(resBody.data[\"product\"].description).to.equal(\"product for automation test update\");\n                expect(resBody.data[\"product\"].status).to.equal(1);\n                done();\n            });\n    }, 1000);\n} catch (e) {\n    done(e);\n}",
              "err": {},
              "uuid": "6eca26cb-618d-487e-8f9f-d10fcbb46cba",
              "parentUUID": "9fe137ef-5f9a-49ec-92a3-e20f7c0a6568",
              "isHook": false,
              "skipped": false
            },
            {
              "title": "Case 04: Delete first product => Success",
              "fullTitle": "Create → Edit → Copy →Delete => Success Case 04: Delete first product => Success",
              "timedOut": false,
              "duration": 2837,
              "state": "passed",
              "speed": "slow",
              "pass": true,
              "fail": false,
              "pending": false,
              "context": "[\n  {\n    \"title\": \"StartTime\",\n    \"value\": {\n      \"StartTime\": \"2024-12-12T09:00:38.388Z\"\n    }\n  },\n  {\n    \"title\": \"Request\",\n    \"value\": {\n      \"Request\": {\n        \"URL\": \"https://api.unibee.top/merchant/product/delete\",\n        \"Headers\": {\n          \"Authorization\": \"Bearer iioMWSTNd1qOtdAhxExnjWzQLcv976TT\",\n          \"Content-Type\": \"application/json\"\n        }\n      }\n    }\n  },\n  {\n    \"title\": \"Response\",\n    \"value\": {\n      \"Response\": {\n        \"code\": 0,\n        \"message\": \"\",\n        \"data\": {},\n        \"redirect\": \"\",\n        \"requestId\": \"req202412120rnSIacsozJKeRa\"\n      }\n    }\n  },\n  {\n    \"title\": \"EndTime\",\n    \"value\": {\n      \"EndTime\": \"2024-12-12T09:00:41.226Z\"\n    }\n  }\n]",
              "code": "try {\n    setTimeout(() => {//Wait syncTimeAPI*1000 seconds\n        let tmpTime = new Date().getTime();\n        ApiReq.deleteProduct(API_Env.get().headerSet,\n            {\n                \"productId\": testData[\"id\"]\n            },(res, url, header) => {\n                request = {\n                    URL: url,\n                    Headers: header,\n                };\n                // response = res.body;\n                // Expect response headers：x-app,Content-Type\n                expect(res.statusCode).to.equal(200);\n                const resBody = JSON.parse(res.body);\n                response = resBody;\n                console.log(resBody)\n                // // token check\n                expect(resBody.code).to.equal(0);\n                expect(resBody.message).to.equal(\"\");\n                done();\n            });\n    }, 1000);\n} catch (e) {\n    done(e);\n}",
              "err": {},
              "uuid": "7b9338ae-d5f2-4360-872b-54333e508637",
              "parentUUID": "9fe137ef-5f9a-49ec-92a3-e20f7c0a6568",
              "isHook": false,
              "skipped": false
            },
            {
              "title": "Case 05: Delete second product => Success",
              "fullTitle": "Create → Edit → Copy →Delete => Success Case 05: Delete second product => Success",
              "timedOut": false,
              "duration": 1245,
              "state": "passed",
              "speed": "slow",
              "pass": true,
              "fail": false,
              "pending": false,
              "context": "[\n  {\n    \"title\": \"StartTime\",\n    \"value\": {\n      \"StartTime\": \"2024-12-12T09:00:41.226Z\"\n    }\n  },\n  {\n    \"title\": \"Request\",\n    \"value\": {\n      \"Request\": {\n        \"URL\": \"https://api.unibee.top/merchant/product/delete\",\n        \"Headers\": {\n          \"Authorization\": \"Bearer iioMWSTNd1qOtdAhxExnjWzQLcv976TT\",\n          \"Content-Type\": \"application/json\"\n        }\n      }\n    }\n  },\n  {\n    \"title\": \"Response\",\n    \"value\": {\n      \"Response\": {\n        \"code\": 0,\n        \"message\": \"\",\n        \"data\": {},\n        \"redirect\": \"\",\n        \"requestId\": \"req20241212OWrowrOZXliyL7w\"\n      }\n    }\n  },\n  {\n    \"title\": \"EndTime\",\n    \"value\": {\n      \"EndTime\": \"2024-12-12T09:00:42.471Z\"\n    }\n  }\n]",
              "code": "try {\n    setTimeout(() => {//Wait syncTimeAPI*1000 seconds\n        let tmpTime = new Date().getTime();\n        ApiReq.deleteProduct(API_Env.get().headerSet,\n            {\n                \"productId\": testData[\"copyId\"]\n            },(res, url, header) => {\n                request = {\n                    URL: url,\n                    Headers: header,\n                };\n                // response = res.body;\n                // Expect response headers：x-app,Content-Type\n                expect(res.statusCode).to.equal(200);\n                const resBody = JSON.parse(res.body);\n                response = resBody;\n                console.log(resBody)\n                // // token check\n                expect(resBody.code).to.equal(0);\n                expect(resBody.message).to.equal(\"\");\n                done();\n            });\n    }, 1000);\n} catch (e) {\n    done(e);\n}",
              "err": {},
              "uuid": "bfdf739f-7b48-41fc-870b-f78a244fcd08",
              "parentUUID": "9fe137ef-5f9a-49ec-92a3-e20f7c0a6568",
              "isHook": false,
              "skipped": false
            }
          ],
          "suites": [],
          "passes": [
            "e62e8724-cfdd-4ecd-b845-cb21fd2cd567",
            "978d4467-a83e-4eea-bce2-adfd665ba6a1",
            "6eca26cb-618d-487e-8f9f-d10fcbb46cba",
            "7b9338ae-d5f2-4360-872b-54333e508637",
            "bfdf739f-7b48-41fc-870b-f78a244fcd08"
          ],
          "failures": [],
          "pending": [],
          "skipped": [],
          "duration": 7882,
          "root": false,
          "rootEmpty": false,
          "_timeout": 9000000
        },
        {
          "uuid": "96102e1f-d231-44df-87de-d63d71818c3b",
          "title": "Create  → Inactivate → Product Detail → Activate → Product Detail → delete => Success",
          "fullFile": "/Users/yushijia/Documents/project/AutomationForUnibee/02_API/TestCases/Product/01_Product.js",
          "file": "/01_Product.js",
          "beforeHooks": [
            {
              "title": "\"before each\" hook in \"Create  → Inactivate → Product Detail → Activate → Product Detail → delete => Success\"",
              "fullTitle": "Create  → Inactivate → Product Detail → Activate → Product Detail → delete => Success \"before each\" hook in \"Create  → Inactivate → Product Detail → Activate → Product Detail → delete => Success\"",
              "timedOut": false,
              "duration": 0,
              "state": null,
              "speed": null,
              "pass": false,
              "fail": false,
              "pending": false,
              "context": null,
              "code": "response = null;\naddContext(this, {\n    title: 'StartTime',\n    value: {\n        StartTime: timeStamp = new Date()\n    }\n});",
              "err": {},
              "uuid": "e17e8ef0-c98c-4869-8f15-ad6442d06014",
              "parentUUID": "96102e1f-d231-44df-87de-d63d71818c3b",
              "isHook": true,
              "skipped": false
            }
          ],
          "afterHooks": [
            {
              "title": "\"after each\" hook in \"Create  → Inactivate → Product Detail → Activate → Product Detail → delete => Success\"",
              "fullTitle": "Create  → Inactivate → Product Detail → Activate → Product Detail → delete => Success \"after each\" hook in \"Create  → Inactivate → Product Detail → Activate → Product Detail → delete => Success\"",
              "timedOut": false,
              "duration": 0,
              "state": null,
              "speed": null,
              "pass": false,
              "fail": false,
              "pending": false,
              "context": null,
              "code": "if (response) {\n    addContext(this, {\n        title: 'Request',\n        value: {\n            Request: request\n        }\n    });\n    addContext(this, {\n        title: 'Response',\n        value: {\n            Response: response\n        }\n    });\n}\naddContext(this, {\n    title: 'EndTime',\n    value: {\n        EndTime: timeStamp = new Date()\n    }\n});",
              "err": {},
              "uuid": "f96b8eb5-019c-4518-ae34-06a5e7f1d9e1",
              "parentUUID": "96102e1f-d231-44df-87de-d63d71818c3b",
              "isHook": true,
              "skipped": false
            }
          ],
          "tests": [
            {
              "title": "Case 01: create product => Success",
              "fullTitle": "Create  → Inactivate → Product Detail → Activate → Product Detail → delete => Success Case 01: create product => Success",
              "timedOut": false,
              "duration": 1104,
              "state": "passed",
              "speed": "slow",
              "pass": true,
              "fail": false,
              "pending": false,
              "context": "[\n  {\n    \"title\": \"StartTime\",\n    \"value\": {\n      \"StartTime\": \"2024-12-12T09:00:42.472Z\"\n    }\n  },\n  {\n    \"title\": \"Request\",\n    \"value\": {\n      \"Request\": {\n        \"URL\": \"https://api.unibee.top/merchant/product/new\",\n        \"Headers\": {\n          \"Authorization\": \"Bearer iioMWSTNd1qOtdAhxExnjWzQLcv976TT\",\n          \"Content-Type\": \"application/json\"\n        }\n      }\n    }\n  },\n  {\n    \"title\": \"Response\",\n    \"value\": {\n      \"Response\": {\n        \"code\": 0,\n        \"message\": \"\",\n        \"data\": {\n          \"product\": {\n            \"id\": 249019,\n            \"merchantId\": 15671,\n            \"productName\": \"auto product\",\n            \"description\": \"product for automation test\",\n            \"imageUrl\": \"string\",\n            \"homeUrl\": \"string\",\n            \"status\": 1,\n            \"isDeleted\": 0,\n            \"createTime\": 1733994043,\n            \"metaData\": \"{\\\"property1\\\":{},\\\"property2\\\":{}}\"\n          }\n        },\n        \"redirect\": \"\",\n        \"requestId\": \"req20241212FhxPOqSS0zo4GMh\"\n      }\n    }\n  },\n  {\n    \"title\": \"EndTime\",\n    \"value\": {\n      \"EndTime\": \"2024-12-12T09:00:43.579Z\"\n    }\n  }\n]",
              "code": "try {\n    setTimeout(() => {//Wait syncTimeAPI*1000 seconds\n        let tmpTime = new Date().getTime();\n        ApiReq.createProduct(API_Env.get().headerSet,\n            {\n                \"productName\": \"auto product\",\n                \"description\": \"product for automation test\",\n                \"imageUrl\": \"string\",\n                \"homeUrl\": \"string\",\n                \"status\": 0,\n                \"metadata\": {\n                    \"property1\": {},\n                    \"property2\": {}\n                }\n            },(res, url, header) => {\n                request = {\n                    URL: url,\n                    Headers: header,\n                };\n                // response = res.body;\n                // Expect response headers：x-app,Content-Type\n                expect(res.statusCode).to.equal(200);\n                const resBody = JSON.parse(res.body);\n                response = resBody;\n                console.log(resBody)\n                // // token check\n                expect(resBody.code).to.equal(0);\n                expect(resBody.message).to.equal(\"\");\n                testData[\"id\"] = resBody.data[\"product\"].id;\n                expect(resBody.data[\"product\"].merchantId).to.equal(15671);\n                expect(resBody.data[\"product\"].productName).to.equal(\"auto product\");\n                expect(resBody.data[\"product\"].description).to.equal(\"product for automation test\");\n                expect(resBody.data[\"product\"].status).to.equal(1);\n                done();\n            });\n    }, 1000);\n} catch (e) {\n    done(e);\n}",
              "err": {},
              "uuid": "e8ba42be-1987-4918-8799-50d0c766e3ec",
              "parentUUID": "96102e1f-d231-44df-87de-d63d71818c3b",
              "isHook": false,
              "skipped": false
            },
            {
              "title": "Case 02: inactivate product => Success",
              "fullTitle": "Create  → Inactivate → Product Detail → Activate → Product Detail → delete => Success Case 02: inactivate product => Success",
              "timedOut": false,
              "duration": 1116,
              "state": "passed",
              "speed": "slow",
              "pass": true,
              "fail": false,
              "pending": false,
              "context": "[\n  {\n    \"title\": \"StartTime\",\n    \"value\": {\n      \"StartTime\": \"2024-12-12T09:00:43.579Z\"\n    }\n  },\n  {\n    \"title\": \"Request\",\n    \"value\": {\n      \"Request\": {\n        \"URL\": \"https://api.unibee.top/merchant/product/inactivate\",\n        \"Headers\": {\n          \"Authorization\": \"Bearer iioMWSTNd1qOtdAhxExnjWzQLcv976TT\",\n          \"Content-Type\": \"application/json\"\n        }\n      }\n    }\n  },\n  {\n    \"title\": \"Response\",\n    \"value\": {\n      \"Response\": {\n        \"code\": 0,\n        \"message\": \"\",\n        \"data\": {},\n        \"redirect\": \"\",\n        \"requestId\": \"req20241212Umz6hOtGWLvsLER\"\n      }\n    }\n  },\n  {\n    \"title\": \"EndTime\",\n    \"value\": {\n      \"EndTime\": \"2024-12-12T09:00:44.695Z\"\n    }\n  }\n]",
              "code": "try {\n    setTimeout(() => {//Wait syncTimeAPI*1000 seconds\n        let tmpTime = new Date().getTime();\n        ApiReq.inactivateProduct(API_Env.get().headerSet,\n            {\n                \"productId\": testData[\"id\"]\n            },(res, url, header) => {\n                request = {\n                    URL: url,\n                    Headers: header,\n                };\n                // response = res.body;\n                // Expect response headers：x-app,Content-Type\n                expect(res.statusCode).to.equal(200);\n                const resBody = JSON.parse(res.body);\n                response = resBody;\n                console.log(resBody)\n                // // token check\n                expect(resBody.code).to.equal(0);\n                expect(resBody.message).to.equal(\"\");\n                done();\n            });\n    }, 1000);\n} catch (e) {\n    done(e);\n}",
              "err": {},
              "uuid": "d1a184a4-f7ec-48ca-afcc-ba1a42ad18a2",
              "parentUUID": "96102e1f-d231-44df-87de-d63d71818c3b",
              "isHook": false,
              "skipped": false
            },
            {
              "title": "Case 03: get product detail, status = 2=> Success",
              "fullTitle": "Create  → Inactivate → Product Detail → Activate → Product Detail → delete => Success Case 03: get product detail, status = 2=> Success",
              "timedOut": false,
              "duration": 1075,
              "state": "passed",
              "speed": "slow",
              "pass": true,
              "fail": false,
              "pending": false,
              "context": "[\n  {\n    \"title\": \"StartTime\",\n    \"value\": {\n      \"StartTime\": \"2024-12-12T09:00:44.696Z\"\n    }\n  },\n  {\n    \"title\": \"Request\",\n    \"value\": {\n      \"Request\": {\n        \"URL\": \"https://api.unibee.top/merchant/product/detail?productId=249019\",\n        \"Headers\": {\n          \"Authorization\": \"Bearer iioMWSTNd1qOtdAhxExnjWzQLcv976TT\",\n          \"Content-Type\": \"application/json\"\n        }\n      }\n    }\n  },\n  {\n    \"title\": \"Response\",\n    \"value\": {\n      \"Response\": {\n        \"code\": 0,\n        \"message\": \"\",\n        \"data\": {\n          \"product\": {\n            \"id\": 249019,\n            \"merchantId\": 15671,\n            \"productName\": \"auto product\",\n            \"description\": \"product for automation test\",\n            \"imageUrl\": \"string\",\n            \"homeUrl\": \"string\",\n            \"status\": 2,\n            \"isDeleted\": 0,\n            \"createTime\": 1733994043,\n            \"metaData\": \"{\\\"property1\\\":{},\\\"property2\\\":{}}\"\n          }\n        },\n        \"redirect\": \"\",\n        \"requestId\": \"req20241212K7VxDo5YQZ2CtyA\"\n      }\n    }\n  },\n  {\n    \"title\": \"EndTime\",\n    \"value\": {\n      \"EndTime\": \"2024-12-12T09:00:45.772Z\"\n    }\n  }\n]",
              "code": "try {\n    setTimeout(() => {//Wait syncTimeAPI*1000 seconds\n        let tmpTime = new Date().getTime();\n        ApiReq.getProductDetail(API_Env.get().headerSet,\n            testData[\"id\"]\n            ,(res, url, header) => {\n                request = {\n                    URL: url,\n                    Headers: header,\n                };\n                // response = res.body;\n                // Expect response headers：x-app,Content-Type\n                expect(res.statusCode).to.equal(200);\n                const resBody = JSON.parse(res.body);\n                response = resBody;\n                console.log(resBody)\n                // // token check\n                expect(resBody.code).to.equal(0);\n                expect(resBody.message).to.equal(\"\");\n                expect(resBody.data[\"product\"].merchantId).to.equal(15671);\n                expect(resBody.data[\"product\"].productName).to.equal(\"auto product\");\n                expect(resBody.data[\"product\"].description).to.equal(\"product for automation test\");\n                expect(resBody.data[\"product\"].status).to.equal(2);\n                done();\n            });\n    }, 1000);\n} catch (e) {\n    done(e);\n}",
              "err": {},
              "uuid": "aec37f39-c1f0-4c06-94bc-4b6120f4ffe3",
              "parentUUID": "96102e1f-d231-44df-87de-d63d71818c3b",
              "isHook": false,
              "skipped": false
            },
            {
              "title": "Case 04: activate product => Success",
              "fullTitle": "Create  → Inactivate → Product Detail → Activate → Product Detail → delete => Success Case 04: activate product => Success",
              "timedOut": false,
              "duration": 1134,
              "state": "passed",
              "speed": "slow",
              "pass": true,
              "fail": false,
              "pending": false,
              "context": "[\n  {\n    \"title\": \"StartTime\",\n    \"value\": {\n      \"StartTime\": \"2024-12-12T09:00:45.772Z\"\n    }\n  },\n  {\n    \"title\": \"Request\",\n    \"value\": {\n      \"Request\": {\n        \"URL\": \"https://api.unibee.top/merchant/product/activate\",\n        \"Headers\": {\n          \"Authorization\": \"Bearer iioMWSTNd1qOtdAhxExnjWzQLcv976TT\",\n          \"Content-Type\": \"application/json\"\n        }\n      }\n    }\n  },\n  {\n    \"title\": \"Response\",\n    \"value\": {\n      \"Response\": {\n        \"code\": 0,\n        \"message\": \"\",\n        \"data\": {},\n        \"redirect\": \"\",\n        \"requestId\": \"req20241212SLccuCwPjL7bb6J\"\n      }\n    }\n  },\n  {\n    \"title\": \"EndTime\",\n    \"value\": {\n      \"EndTime\": \"2024-12-12T09:00:46.907Z\"\n    }\n  }\n]",
              "code": "try {\n    setTimeout(() => {//Wait syncTimeAPI*1000 seconds\n        let tmpTime = new Date().getTime();\n        ApiReq.activateProduct(API_Env.get().headerSet,\n            {\n                \"productId\": testData[\"id\"]\n            },(res, url, header) => {\n                request = {\n                    URL: url,\n                    Headers: header,\n                };\n                // response = res.body;\n                // Expect response headers：x-app,Content-Type\n                expect(res.statusCode).to.equal(200);\n                const resBody = JSON.parse(res.body);\n                response = resBody;\n                console.log(resBody)\n                // // token check\n                expect(resBody.code).to.equal(0);\n                expect(resBody.message).to.equal(\"\");\n                done();\n            });\n    }, 1000);\n} catch (e) {\n    done(e);\n}",
              "err": {},
              "uuid": "11277052-99ae-4f5c-9fb5-fb83f63fd9f4",
              "parentUUID": "96102e1f-d231-44df-87de-d63d71818c3b",
              "isHook": false,
              "skipped": false
            },
            {
              "title": "Case 05: get product detail, status = 1 => Success",
              "fullTitle": "Create  → Inactivate → Product Detail → Activate → Product Detail → delete => Success Case 05: get product detail, status = 1 => Success",
              "timedOut": false,
              "duration": 1065,
              "state": "passed",
              "speed": "slow",
              "pass": true,
              "fail": false,
              "pending": false,
              "context": "[\n  {\n    \"title\": \"StartTime\",\n    \"value\": {\n      \"StartTime\": \"2024-12-12T09:00:46.907Z\"\n    }\n  },\n  {\n    \"title\": \"Request\",\n    \"value\": {\n      \"Request\": {\n        \"URL\": \"https://api.unibee.top/merchant/product/detail?productId=249019\",\n        \"Headers\": {\n          \"Authorization\": \"Bearer iioMWSTNd1qOtdAhxExnjWzQLcv976TT\",\n          \"Content-Type\": \"application/json\"\n        }\n      }\n    }\n  },\n  {\n    \"title\": \"Response\",\n    \"value\": {\n      \"Response\": {\n        \"code\": 0,\n        \"message\": \"\",\n        \"data\": {\n          \"product\": {\n            \"id\": 249019,\n            \"merchantId\": 15671,\n            \"productName\": \"auto product\",\n            \"description\": \"product for automation test\",\n            \"imageUrl\": \"string\",\n            \"homeUrl\": \"string\",\n            \"status\": 1,\n            \"isDeleted\": 0,\n            \"createTime\": 1733994043,\n            \"metaData\": \"{\\\"property1\\\":{},\\\"property2\\\":{}}\"\n          }\n        },\n        \"redirect\": \"\",\n        \"requestId\": \"req20241212ldYBK4fpN1g6cDo\"\n      }\n    }\n  },\n  {\n    \"title\": \"EndTime\",\n    \"value\": {\n      \"EndTime\": \"2024-12-12T09:00:47.972Z\"\n    }\n  }\n]",
              "code": "try {\n    setTimeout(() => {//Wait syncTimeAPI*1000 seconds\n        let tmpTime = new Date().getTime();\n        ApiReq.getProductDetail(API_Env.get().headerSet,\n            testData[\"id\"]\n            ,(res, url, header) => {\n                request = {\n                    URL: url,\n                    Headers: header,\n                };\n                // response = res.body;\n                // Expect response headers：x-app,Content-Type\n                expect(res.statusCode).to.equal(200);\n                const resBody = JSON.parse(res.body);\n                response = resBody;\n                console.log(resBody)\n                // // token check\n                expect(resBody.code).to.equal(0);\n                expect(resBody.message).to.equal(\"\");\n                expect(resBody.data[\"product\"].merchantId).to.equal(15671);\n                expect(resBody.data[\"product\"].productName).to.equal(\"auto product\");\n                expect(resBody.data[\"product\"].description).to.equal(\"product for automation test\");\n                expect(resBody.data[\"product\"].status).to.equal(1);\n                done();\n            });\n    }, 1000);\n} catch (e) {\n    done(e);\n}",
              "err": {},
              "uuid": "4a4dc0fb-aed0-4c6e-bc7d-837fa35ca8dd",
              "parentUUID": "96102e1f-d231-44df-87de-d63d71818c3b",
              "isHook": false,
              "skipped": false
            },
            {
              "title": "Case 06: Delete first product => Success",
              "fullTitle": "Create  → Inactivate → Product Detail → Activate → Product Detail → delete => Success Case 06: Delete first product => Success",
              "timedOut": false,
              "duration": 1851,
              "state": "passed",
              "speed": "slow",
              "pass": true,
              "fail": false,
              "pending": false,
              "context": "[\n  {\n    \"title\": \"StartTime\",\n    \"value\": {\n      \"StartTime\": \"2024-12-12T09:00:47.973Z\"\n    }\n  },\n  {\n    \"title\": \"Request\",\n    \"value\": {\n      \"Request\": {\n        \"URL\": \"https://api.unibee.top/merchant/product/delete\",\n        \"Headers\": {\n          \"Authorization\": \"Bearer iioMWSTNd1qOtdAhxExnjWzQLcv976TT\",\n          \"Content-Type\": \"application/json\"\n        }\n      }\n    }\n  },\n  {\n    \"title\": \"Response\",\n    \"value\": {\n      \"Response\": {\n        \"code\": 0,\n        \"message\": \"\",\n        \"data\": {},\n        \"redirect\": \"\",\n        \"requestId\": \"req202412125v5i6IOKfdJSrgt\"\n      }\n    }\n  },\n  {\n    \"title\": \"EndTime\",\n    \"value\": {\n      \"EndTime\": \"2024-12-12T09:00:49.825Z\"\n    }\n  }\n]",
              "code": "try {\n    setTimeout(() => {//Wait syncTimeAPI*1000 seconds\n        let tmpTime = new Date().getTime();\n        ApiReq.deleteProduct(API_Env.get().headerSet,\n            {\n                \"productId\": testData[\"id\"]\n            },(res, url, header) => {\n                request = {\n                    URL: url,\n                    Headers: header,\n                };\n                // response = res.body;\n                // Expect response headers：x-app,Content-Type\n                expect(res.statusCode).to.equal(200);\n                const resBody = JSON.parse(res.body);\n                response = resBody;\n                console.log(resBody)\n                // // token check\n                expect(resBody.code).to.equal(0);\n                expect(resBody.message).to.equal(\"\");\n                done();\n            });\n    }, 1000);\n} catch (e) {\n    done(e);\n}",
              "err": {},
              "uuid": "cc5c17d5-af69-4fdb-97e2-0decce0fc846",
              "parentUUID": "96102e1f-d231-44df-87de-d63d71818c3b",
              "isHook": false,
              "skipped": false
            }
          ],
          "suites": [],
          "passes": [
            "e8ba42be-1987-4918-8799-50d0c766e3ec",
            "d1a184a4-f7ec-48ca-afcc-ba1a42ad18a2",
            "aec37f39-c1f0-4c06-94bc-4b6120f4ffe3",
            "11277052-99ae-4f5c-9fb5-fb83f63fd9f4",
            "4a4dc0fb-aed0-4c6e-bc7d-837fa35ca8dd",
            "cc5c17d5-af69-4fdb-97e2-0decce0fc846"
          ],
          "failures": [],
          "pending": [],
          "skipped": [],
          "duration": 7345,
          "root": false,
          "rootEmpty": false,
          "_timeout": 9000000
        },
        {
          "uuid": "1fc8bd89-2d2b-4347-8f85-ef58ab677987",
          "title": "Create  → Inactivate →  Product Detail  → Activate → Product Detail → Edit → Copy → Product List → delete first product → delete copied product => Success",
          "fullFile": "/Users/yushijia/Documents/project/AutomationForUnibee/02_API/TestCases/Product/01_Product.js",
          "file": "/01_Product.js",
          "beforeHooks": [
            {
              "title": "\"before each\" hook in \"Create  → Inactivate →  Product Detail  → Activate → Product Detail → Edit → Copy → Product List → delete first product → delete copied product => Success\"",
              "fullTitle": "Create  → Inactivate →  Product Detail  → Activate → Product Detail → Edit → Copy → Product List → delete first product → delete copied product => Success \"before each\" hook in \"Create  → Inactivate →  Product Detail  → Activate → Product Detail → Edit → Copy → Product List → delete first product → delete copied product => Success\"",
              "timedOut": false,
              "duration": 1,
              "state": null,
              "speed": null,
              "pass": false,
              "fail": false,
              "pending": false,
              "context": null,
              "code": "response = null;\naddContext(this, {\n    title: 'StartTime',\n    value: {\n        StartTime: timeStamp = new Date()\n    }\n});",
              "err": {},
              "uuid": "b74e8b9a-d4ff-43f4-bec3-5fda500aa6d8",
              "parentUUID": "1fc8bd89-2d2b-4347-8f85-ef58ab677987",
              "isHook": true,
              "skipped": false
            }
          ],
          "afterHooks": [
            {
              "title": "\"after each\" hook in \"Create  → Inactivate →  Product Detail  → Activate → Product Detail → Edit → Copy → Product List → delete first product → delete copied product => Success\"",
              "fullTitle": "Create  → Inactivate →  Product Detail  → Activate → Product Detail → Edit → Copy → Product List → delete first product → delete copied product => Success \"after each\" hook in \"Create  → Inactivate →  Product Detail  → Activate → Product Detail → Edit → Copy → Product List → delete first product → delete copied product => Success\"",
              "timedOut": false,
              "duration": 0,
              "state": null,
              "speed": null,
              "pass": false,
              "fail": false,
              "pending": false,
              "context": null,
              "code": "if (response) {\n    addContext(this, {\n        title: 'Request',\n        value: {\n            Request: request\n        }\n    });\n    addContext(this, {\n        title: 'Response',\n        value: {\n            Response: response\n        }\n    });\n}\naddContext(this, {\n    title: 'EndTime',\n    value: {\n        EndTime: timeStamp = new Date()\n    }\n});",
              "err": {},
              "uuid": "bcaeaba1-09e1-4710-ba5f-07198ca55ddd",
              "parentUUID": "1fc8bd89-2d2b-4347-8f85-ef58ab677987",
              "isHook": true,
              "skipped": false
            }
          ],
          "tests": [
            {
              "title": "Case 01: create product => Success",
              "fullTitle": "Create  → Inactivate →  Product Detail  → Activate → Product Detail → Edit → Copy → Product List → delete first product → delete copied product => Success Case 01: create product => Success",
              "timedOut": false,
              "duration": 1638,
              "state": "passed",
              "speed": "slow",
              "pass": true,
              "fail": false,
              "pending": false,
[...]
              "code": "try {\n    setTimeout(() => {//Wait syncTimeAPI*1000 seconds\n        let tmpTime = new Date().getTime();\n        ApiReq.getProductList(API_Env.get().headerSet,\n            {}\n            ,(res, url, header) => {\n                request = {\n                    URL: url,\n                    Headers: header,\n                };\n                // response = res.body;\n                // Expect response headers：x-app,Content-Type\n                expect(res.statusCode).to.equal(200);\n                const resBody = JSON.parse(res.body);\n                response = resBody;\n                console.log(resBody)\n                // // token check\n                expect(resBody.code).to.equal(0);\n                expect(resBody.message).to.equal(\"\");\n                expect(resBody.data[\"products\"][1].id).to.equal(testData[\"copyId\"]);\n                expect(resBody.data[\"products\"][1].merchantId).to.equal(15671);\n                expect(resBody.data[\"products\"][1].productName).to.equal(\"auto product update(Copy)\");\n                expect(resBody.data[\"products\"][1].description).to.equal(\"product for automation test update\");\n                expect(resBody.data[\"products\"][1].status).to.equal(1);\n                expect(resBody.data[\"products\"][2].id).to.equal(testData[\"id\"]);\n                expect(resBody.data[\"products\"][2].merchantId).to.equal(15671);\n                expect(resBody.data[\"products\"][2].productName).to.equal(\"auto product update\");\n                expect(resBody.data[\"products\"][2].description).to.equal(\"product for automation test update\");\n                expect(resBody.data[\"products\"][2].status).to.equal(1);\n                done();\n            });\n    }, 1000);\n} catch (e) {\n    done(e);\n}",
              "err": {},
              "uuid": "57efdf91-c4d2-42b6-b5da-5dc4b3b4bd45",
              "parentUUID": "1fc8bd89-2d2b-4347-8f85-ef58ab677987",
              "isHook": false,
              "skipped": false
            },
            {
              "title": "Case 09: Delete first product => Success",
              "fullTitle": "Create  → Inactivate →  Product Detail  → Activate → Product Detail → Edit → Copy → Product List → delete first product → delete copied product => Success Case 09: Delete first product => Success",
              "timedOut": false,
              "duration": 1491,
              "state": "passed",
              "speed": "slow",
              "pass": true,
              "fail": false,
              "pending": false,
              "context": "[\n  {\n    \"title\": \"StartTime\",\n    \"value\": {\n      \"StartTime\": \"2024-12-12T09:01:00.109Z\"\n    }\n  },\n  {\n    \"title\": \"Request\",\n    \"value\": {\n      \"Request\": {\n        \"URL\": \"https://api.unibee.top/merchant/product/delete\",\n        \"Headers\": {\n          \"Authorization\": \"Bearer iioMWSTNd1qOtdAhxExnjWzQLcv976TT\",\n          \"Content-Type\": \"application/json\"\n        }\n      }\n    }\n  },\n  {\n    \"title\": \"Response\",\n    \"value\": {\n      \"Response\": {\n        \"code\": 0,\n        \"message\": \"\",\n        \"data\": {},\n        \"redirect\": \"\",\n        \"requestId\": \"req20241212Zx5bjW5dCRBpZBI\"\n      }\n    }\n  },\n  {\n    \"title\": \"EndTime\",\n    \"value\": {\n      \"EndTime\": \"2024-12-12T09:01:01.600Z\"\n    }\n  }\n]",
              "code": "try {\n    setTimeout(() => {//Wait syncTimeAPI*1000 seconds\n        let tmpTime = new Date().getTime();\n        ApiReq.deleteProduct(API_Env.get().headerSet,\n            {\n                \"productId\": testData[\"id\"]\n            },(res, url, header) => {\n                request = {\n                    URL: url,\n                    Headers: header,\n                };\n                // response = res.body;\n                // Expect response headers：x-app,Content-Type\n                expect(res.statusCode).to.equal(200);\n                const resBody = JSON.parse(res.body);\n                response = resBody;\n                console.log(resBody)\n                // // token check\n                expect(resBody.code).to.equal(0);\n                expect(resBody.message).to.equal(\"\");\n                done();\n            });\n    }, 1000);\n} catch (e) {\n    done(e);\n}",
              "err": {},
              "uuid": "8bdef22c-1ddc-43b7-801d-ac68cd38cca4",
              "parentUUID": "1fc8bd89-2d2b-4347-8f85-ef58ab677987",
              "isHook": false,
              "skipped": false
            },
            {
              "title": "Case 10: Delete second product => Success",
              "fullTitle": "Create  → Inactivate →  Product Detail  → Activate → Product Detail → Edit → Copy → Product List → delete first product → delete copied product => Success Case 10: Delete second product => Success",
              "timedOut": false,
              "duration": 1093,
              "state": "passed",
              "speed": "slow",
              "pass": true,
              "fail": false,
              "pending": false,
              "context": "[\n  {\n    \"title\": \"StartTime\",\n    \"value\": {\n      \"StartTime\": \"2024-12-12T09:01:01.600Z\"\n    }\n  },\n  {\n    \"title\": \"Request\",\n    \"value\": {\n      \"Request\": {\n        \"URL\": \"https://api.unibee.top/merchant/product/delete\",\n        \"Headers\": {\n          \"Authorization\": \"Bearer iioMWSTNd1qOtdAhxExnjWzQLcv976TT\",\n          \"Content-Type\": \"application/json\"\n        }\n      }\n    }\n  },\n  {\n    \"title\": \"Response\",\n    \"value\": {\n      \"Response\": {\n        \"code\": 0,\n        \"message\": \"\",\n        \"data\": {},\n        \"redirect\": \"\",\n        \"requestId\": \"req20241212sPKE8UEBCmM8C8D\"\n      }\n    }\n  },\n  {\n    \"title\": \"EndTime\",\n    \"value\": {\n      \"EndTime\": \"2024-12-12T09:01:02.694Z\"\n    }\n  }\n]",
              "code": "try {\n    setTimeout(() => {//Wait syncTimeAPI*1000 seconds\n        let tmpTime = new Date().getTime();\n        ApiReq.deleteProduct(API_Env.get().headerSet,\n            {\n                \"productId\": testData[\"copyId\"]\n            },(res, url, header) => {\n                request = {\n                    URL: url,\n                    Headers: header,\n                };\n                // response = res.body;\n                // Expect response headers：x-app,Content-Type\n                expect(res.statusCode).to.equal(200);\n                const resBody = JSON.parse(res.body);\n                response = resBody;\n                console.log(resBody)\n                // // token check\n                expect(resBody.code).to.equal(0);\n                expect(resBody.message).to.equal(\"\");\n                done();\n            });\n    }, 1000);\n} catch (e) {\n    done(e);\n}",
              "err": {},
              "uuid": "51de5a56-a531-42f1-8d6e-b28da4351cd3",
              "parentUUID": "1fc8bd89-2d2b-4347-8f85-ef58ab677987",
              "isHook": false,
              "skipped": false
            }
          ],
          "suites": [],
          "passes": [
            "07b76576-d8dc-4f56-bc8b-19ce83bb1474",
            "60a829c1-e6aa-4cb5-a5e1-7688fe679ebe",
            "edc94201-ab7d-4441-92f3-37953ab39295",
            "7d3719ff-245c-48c9-ab70-3feddeaf93b7",
            "a761731b-415f-42f0-918f-2fa95afd02a6",
            "e25373e5-3c19-4bfc-baab-ee204d912a73",
            "c5b0a80a-8f4a-40f7-a97c-dd274f563784",
            "57efdf91-c4d2-42b6-b5da-5dc4b3b4bd45",
            "8bdef22c-1ddc-43b7-801d-ac68cd38cca4",
            "51de5a56-a531-42f1-8d6e-b28da4351cd3"
          ],
          "failures": [],
          "pending": [],
          "skipped": [],
          "duration": 12858,
          "root": false,
          "rootEmpty": false,
          "_timeout": 9000000
        },
        {
          "uuid": "311cb2c2-c037-433f-b346-9f000cecfdb3",
          "title": "Delete a product with plans => Success",
          "fullFile": "/Users/yushijia/Documents/project/AutomationForUnibee/02_API/TestCases/Product/01_Product.js",
          "file": "/01_Product.js",
          "beforeHooks": [
            {
              "title": "\"before each\" hook in \"Delete a product with plans => Success\"",
              "fullTitle": "Delete a product with plans => Success \"before each\" hook in \"Delete a product with plans => Success\"",
              "timedOut": false,
              "duration": 0,
              "state": null,
              "speed": null,
              "pass": false,
              "fail": false,
              "pending": false,
              "context": null,
              "code": "response = null;\naddContext(this, {\n    title: 'StartTime',\n    value: {\n        StartTime: timeStamp = new Date()\n    }\n});",
              "err": {},
              "uuid": "37fab7f8-317f-457b-b765-838043ecf3f1",
              "parentUUID": "311cb2c2-c037-433f-b346-9f000cecfdb3",
              "isHook": true,
              "skipped": false
            }
          ],
          "afterHooks": [
            {
              "title": "\"after each\" hook in \"Delete a product with plans => Success\"",
              "fullTitle": "Delete a product with plans => Success \"after each\" hook in \"Delete a product with plans => Success\"",
              "timedOut": false,
              "duration": 0,
              "state": null,
              "speed": null,
              "pass": false,
              "fail": false,
              "pending": false,
              "context": null,
              "code": "if (response) {\n    addContext(this, {\n        title: 'Request',\n        value: {\n            Request: request\n        }\n    });\n    addContext(this, {\n        title: 'Response',\n        value: {\n            Response: response\n        }\n    });\n}\naddContext(this, {\n    title: 'EndTime',\n    value: {\n        EndTime: timeStamp = new Date()\n    }\n});",
              "err": {},
              "uuid": "521b5cb6-bfa0-494b-a8b9-5a07a3b50f72",
              "parentUUID": "311cb2c2-c037-433f-b346-9f000cecfdb3",
              "isHook": true,
              "skipped": false
            }
          ],
          "tests": [
            {
              "title": "Case 01: Delete product => Success",
              "fullTitle": "Delete a product with plans => Success Case 01: Delete product => Success",
              "timedOut": false,
              "duration": 1065,
              "state": "passed",
              "speed": "slow",
              "pass": true,
              "fail": false,
              "pending": false,
              "context": "[\n  {\n    \"title\": \"StartTime\",\n    \"value\": {\n      \"StartTime\": \"2024-12-12T09:01:02.695Z\"\n    }\n  },\n  {\n    \"title\": \"Request\",\n    \"value\": {\n      \"Request\": {\n        \"URL\": \"https://api.unibee.top/merchant/product/delete\",\n        \"Headers\": {\n          \"Authorization\": \"Bearer iioMWSTNd1qOtdAhxExnjWzQLcv976TT\",\n          \"Content-Type\": \"application/json\"\n        }\n      }\n    }\n  },\n  {\n    \"title\": \"Response\",\n    \"value\": {\n      \"Response\": {\n        \"code\": 51,\n        \"message\": \"product can not delete while has plan linked\",\n        \"data\": {},\n        \"redirect\": \"\",\n        \"requestId\": \"req20241212c73Iv9AWRoqtlIy\"\n      }\n    }\n  },\n  {\n    \"title\": \"EndTime\",\n    \"value\": {\n      \"EndTime\": \"2024-12-12T09:01:03.761Z\"\n    }\n  }\n]",
              "code": "try {\n    setTimeout(() => {//Wait syncTimeAPI*1000 seconds\n        let tmpTime = new Date().getTime();\n        ApiReq.deleteProduct(API_Env.get().headerSet,\n            {\n                \"productId\": 248970\n            },(res, url, header) => {\n                request = {\n                    URL: url,\n                    Headers: header,\n                };\n                // response = res.body;\n                // Expect response headers：x-app,Content-Type\n                expect(res.statusCode).to.equal(400);\n                const resBody = JSON.parse(res.body);\n                response = resBody;\n                console.log(resBody)\n                // // token check\n                expect(resBody.code).to.equal(51);\n                expect(resBody.message).to.equal(\"product can not delete while has plan linked\");\n                done();\n            });\n    }, 1000);\n} catch (e) {\n    done(e);\n}",
              "err": {},
              "uuid": "7c8840d8-ee4e-4ea6-a0e6-d93ac77ebd86",
              "parentUUID": "311cb2c2-c037-433f-b346-9f000cecfdb3",
              "isHook": false,
              "skipped": false
            }
          ],
          "suites": [],
          "passes": [
            "7c8840d8-ee4e-4ea6-a0e6-d93ac77ebd86"
          ],
          "failures": [],
          "pending": [],
          "skipped": [],
          "duration": 1065,
          "root": false,
          "rootEmpty": false,
          "_timeout": 9000000
        },
        {
          "uuid": "dc3f55d3-b4c7-47f0-80fc-b0c196a688c2",
          "title": "Delete default product => Success",
          "fullFile": "/Users/yushijia/Documents/project/AutomationForUnibee/02_API/TestCases/Product/01_Product.js",
          "file": "/01_Product.js",
          "beforeHooks": [
            {
              "title": "\"before each\" hook in \"Delete default product => Success\"",
              "fullTitle": "Delete default product => Success \"before each\" hook in \"Delete default product => Success\"",
              "timedOut": false,
              "duration": 0,
              "state": null,
              "speed": null,
              "pass": false,
              "fail": false,
              "pending": false,
              "context": null,
              "code": "response = null;\naddContext(this, {\n    title: 'StartTime',\n    value: {\n        StartTime: timeStamp = new Date()\n    }\n});",
              "err": {},
              "uuid": "5016f425-1520-4a53-a6b2-4278857ed7d4",
              "parentUUID": "dc3f55d3-b4c7-47f0-80fc-b0c196a688c2",
              "isHook": true,
              "skipped": false
            }
          ],
          "afterHooks": [
            {
              "title": "\"after each\" hook in \"Delete default product => Success\"",
              "fullTitle": "Delete default product => Success \"after each\" hook in \"Delete default product => Success\"",
              "timedOut": false,
              "duration": 0,
              "state": null,
              "speed": null,
              "pass": false,
              "fail": false,
              "pending": false,
              "context": null,
              "code": "if (response) {\n    addContext(this, {\n        title: 'Request',\n        value: {\n            Request: request\n        }\n    });\n    addContext(this, {\n        title: 'Response',\n        value: {\n            Response: response\n        }\n    });\n}\naddContext(this, {\n    title: 'EndTime',\n    value: {\n        EndTime: timeStamp = new Date()\n    }\n});",
              "err": {},
              "uuid": "bbbca03f-0272-41d8-9933-11443f573ac5",
              "parentUUID": "dc3f55d3-b4c7-47f0-80fc-b0c196a688c2",
              "isHook": true,
              "skipped": false
            }
          ],
          "tests": [
            {
              "title": "Case 01: Delete default product => Success",
              "fullTitle": "Delete default product => Success Case 01: Delete default product => Success",
              "timedOut": false,
              "duration": 1074,
              "state": "passed",
              "speed": "slow",
              "pass": true,
              "fail": false,
              "pending": false,
              "context": "[\n  {\n    \"title\": \"StartTime\",\n    \"value\": {\n      \"StartTime\": \"2024-12-12T09:01:03.762Z\"\n    }\n  },\n  {\n    \"title\": \"Request\",\n    \"value\": {\n      \"Request\": {\n        \"URL\": \"https://api.unibee.top/merchant/product/delete\",\n        \"Headers\": {\n          \"Authorization\": \"Bearer iioMWSTNd1qOtdAhxExnjWzQLcv976TT\",\n          \"Content-Type\": \"application/json\"\n        }\n      }\n    }\n  },\n  {\n    \"title\": \"Response\",\n    \"value\": {\n      \"Response\": {\n        \"code\": 51,\n        \"message\": \"Can't delete default product\",\n        \"data\": {},\n        \"redirect\": \"\",\n        \"requestId\": \"req20241212ppS59GQ7a2dXTIs\"\n      }\n    }\n  },\n  {\n    \"title\": \"EndTime\",\n    \"value\": {\n      \"EndTime\": \"2024-12-12T09:01:04.837Z\"\n    }\n  }\n]",
              "code": "try {\n    setTimeout(() => {//Wait syncTimeAPI*1000 seconds\n        let tmpTime = new Date().getTime();\n        ApiReq.deleteProduct(API_Env.get().headerSet,\n            {\n                \"productId\": 0\n            },(res, url, header) => {\n                request = {\n                    URL: url,\n                    Headers: header,\n                };\n                // response = res.body;\n                // Expect response headers：x-app,Content-Type\n                expect(res.statusCode).to.equal(400);\n                const resBody = JSON.parse(res.body);\n                response = resBody;\n                console.log(resBody)\n                // // token check\n                expect(resBody.code).to.equal(51);\n                expect(resBody.message).to.equal(\"Can't delete default product\");\n                done();\n            });\n    }, 1000);\n} catch (e) {\n    done(e);\n}",
              "err": {},
              "uuid": "11ba5096-6888-4cad-bffc-b1e035486459",
              "parentUUID": "dc3f55d3-b4c7-47f0-80fc-b0c196a688c2",
              "isHook": false,
              "skipped": false
            }
          ],
          "suites": [],
          "passes": [
            "11ba5096-6888-4cad-bffc-b1e035486459"
          ],
          "failures": [],
          "pending": [],
          "skipped": [],
          "duration": 1074,
          "root": false,
          "rootEmpty": false,
          "_timeout": 9000000
        }
      ],
      "passes": [],
      "failures": [],
      "pending": [],
      "skipped": [],
      "duration": 0,
      "root": true,
      "rootEmpty": true,
      "_timeout": 2000
    }
  ],
  "meta": {
    "mocha": {
      "version": "10.4.0"
    },
    "mochawesome": {
      "options": {
        "quiet": false,
        "reportFilename": "mochawesome",
        "saveHtml": true,
        "saveJson": true,
        "consoleReporter": "spec",
        "useInlineDiffs": false,
        "code": true
      },
      "version": "7.1.3"
    },
    "marge": {
      "options": null,
      "version": "6.2.0"
    }
  }
}